Skip--AssignTo is empty in Sheet name: IT, Task name: NaN, Line : 1 
Skip--AssignTo is empty in Sheet name: IT, Task name: IT Tasks & Research, Line : 2 
Skip--Start date or End date is empty in Sheet name: IT, Task name: Audit account dmadmin login on system, Line : 14 
Skip--Start date or End date is empty in Sheet name: IT, Task name: [AD] - Work with aQuan install AD connect on AD01, Line : 23 
Skip--Start date or End date is empty in Sheet name: IT, Task name: [AD] - Sync AD01 with office365 savarti.com, Line : 24 
Skip--Start date or End date is empty in Sheet name: IT, Task name: [AD] - Already partition script & sent report, Line : 26 
Skip--Start date or End date is empty in Sheet name: IT, Task name: [AD] - Implement on real AD, Line : 27 
Skip--Start date or End date is empty in Sheet name: IT, Task name: Configure single sign on AD with VPN & office 365, Line : 28 
Skip--Start date or End date is empty in Sheet name: IT, Task name: Change group SSL on Sophos IDC when create account AD, Line : 29 
Skip--Start date or End date is empty in Sheet name: IT, Task name: Check DNS svi HCM & DN redirect to stranger IP, Line : 30 
Skip--Start date or End date is empty in Sheet name: IT, Task name: Backup for AD server, Line : 31 
Skip--Start date or End date is empty in Sheet name: IT, Task name: Sync account from AD to Sophos, Line : 32 
Skip--Start date or End date is empty in Sheet name: IT, Task name: Change the VPN account to the same domain account for user, Line : 33 
Skip--Start date or End date is empty in Sheet name: IT, Task name: Create user SVI on AD, Line : 34 
Skip--Start date or End date is empty in Sheet name: IT, Task name: Deploy Sophos endpoint agent, Line : 35 
Skip--Start date or End date is empty in Sheet name: IT, Task name: Install office on s59, Line : 36 
Skip--Start date or End date is empty in Sheet name: IT, Task name: Setup SQLbackupAndFTP on s59 for backup data accouting, Line : 37 
Skip--Start date or End date is empty in Sheet name: IT, Task name: Update GPO: user cannot setting windows update & config date time, Line : 38 
Skip--Start date or End date is empty in Sheet name: IT, Task name: Create new GPO allow usb for usb Token, Line : 39 
Skip--Start date or End date is empty in Sheet name: IT, Task name: Reduce the C disks of S32 to 100G for OS only. The remain disk will be another partition or physical disks, Line : 40 
Skip--Start date or End date is empty in Sheet name: IT, Task name: Create a storage spaces which only one physical disk, Line : 41 
Skip--Start date or End date is empty in Sheet name: IT, Task name: Create 2 Logical volume for home and Hyper-V, Line : 42 
Skip--Start date or End date is empty in Sheet name: IT, Task name: Move the current Hyper-V data to the Hyper-V disk, Line : 43 
Skip--Start date or End date is empty in Sheet name: IT, Task name: Join the s32 to ad01 domain, Line : 44 
Skip--Start date or End date is empty in Sheet name: IT, Task name: Create a file server on s32 to share the home local volume to ad01 and s59., Line : 45 
Skip--Start date or End date is empty in Sheet name: IT, Task name: Set a limit of each home user is 500MB, Line : 46 
Skip--Start date or End date is empty in Sheet name: IT, Task name: Create user Dong on s59, Line : 47 
Skip--Start date or End date is empty in Sheet name: IT, Task name: Support VU to install Orcad, Line : 48 
Skip--Start date or End date is empty in Sheet name: IT, Task name: Create user to login s59, Line : 49 
Skip--Start date or End date is empty in Sheet name: IT, Task name: Create policy to block copy from server to client, Line : 50 
Skip--Start date or End date is empty in Sheet name: IT, Task name: Check account for aDuong, Line : 51 
Skip--Start date or End date is empty in Sheet name: IT, Task name: Fix remote to s59, Line : 52 
Skip--Start date or End date is empty in Sheet name: IT, Task name: Sync Desktop and Document of each user to s32, Line : 53 
Skip--Start date or End date is empty in Sheet name: IT, Task name: Check installation MISA with vendor, Line : 54 
Skip--Start date or End date is empty in Sheet name: IT, Task name: Install SVN tool on s59, Line : 55 
Skip--Start date or End date is empty in Sheet name: IT, Task name: Install PDF on s59, Line : 56 
Skip--Start date or End date is empty in Sheet name: IT, Task name: Check home folder user location when join domain, Line : 57 
Skip--Start date or End date is empty in Sheet name: IT, Task name: Make procedure create new account on AD, change password user on Windows server, Line : 58 
Skip--Start date or End date is empty in Sheet name: IT, Task name: Client connect Misa's database, Line : 59 
Skip--Start date or End date is empty in Sheet name: IT, Task name: Check GPO deploy application from AD, Line : 60 
Skip--Start date or End date is empty in Sheet name: IT, Task name: Create label for group: IT, cad_grp, s012, Line : 62 
Skip--Start date or End date is empty in Sheet name: IT, Task name: Assign  label, Line : 63 
Skip--Start date or End date is empty in Sheet name: IT, Task name: Microsoft Intune, Line : 64 
Skip--Start date or End date is empty in Sheet name: IT, Task name: Open labeled document from out site when user don’t have office 365, Line : 65 
Skip--Start date or End date is empty in Sheet name: IT, Task name: How label priority when attach many file in outlook, Line : 66 
Skip--Start date or End date is empty in Sheet name: IT, Task name: How the label is showing, all or only user with permission, Line : 67 
Skip--Start date or End date is empty in Sheet name: IT, Task name: Remove label “non-confidential”, Line : 68 
Skip--Start date or End date is empty in Sheet name: IT, Task name: Redefine label: level A, B, C… easy apply for all project in future, Line : 69 
Skip--Start date or End date is empty in Sheet name: IT, Task name: Check license E5 + P2 can auto assign label without license office 365 E5, Line : 70 
Skip--Start date or End date is empty in Sheet name: IT, Task name: Check can snipping tool labeled document, Line : 71 
Skip--Start date or End date is empty in Sheet name: IT, Task name: Make sample for training user when apply, Line : 72 
Skip--Start date or End date is empty in Sheet name: IT, Task name: Join domain for NUC at Cleanroom, Line : 77 
Skip--Start date or End date is empty in Sheet name: IT, Task name: No machine client - server, Line : 78 
Skip--Start date or End date is empty in Sheet name: IT, Task name: Upgrade license win 10 pro, Line : 79 
Skip--Start date or End date is empty in Sheet name: IT, Task name: Update phone number to Office 365, Line : 80 
Skip--Start date or End date is empty in Sheet name: IT, Task name: Make list network port, SW label new office, Line : 81 
Skip--Start date or End date is empty in Sheet name: IT, Task name: Setup FAST accounting of s59, Line : 82 
Skip--Start date or End date is empty in Sheet name: IT, Task name: Setup database Fast on s59 on SQL server 2014, Line : 83 
Skip--Start date or End date is empty in Sheet name: IT, Task name: Follow camera at DN office can not work online, Line : 84 
Skip--Start date or End date is empty in Sheet name: IT, Task name: Setup software fingering machine HCM office & make synchronize, Line : 85 
Skip--Start date or End date is empty in Sheet name: IT, Task name: Sophos UTM HA availability implement, Line : 102 
Skip--Start date or End date is empty in Sheet name: IT, Task name: Check notify expired license of sophos, Line : 107 
Skip--Start date or End date is empty in Sheet name: IT, Task name: [RS] - Add network interface & try join domain, Line : 131 
Skip--Start date or End date is empty in Sheet name: IT, Task name: Try to restore all config from fw VDC to fw spare Linco, Line : 132 
Skip--Start date or End date is empty in Sheet name: IT, Task name: Research how to reset password of account AD when they go outside, Line : 133 
Skip--Start date or End date is empty in Sheet name: IT, Task name: Research create script reset password for user on Linux and Linux command, Line : 134 
Skip--Start date or End date is empty in Sheet name: IT, Task name: Create document about install license on server and test, Line : 136 
Skip--Start date or End date is empty in Sheet name: IT, Task name: Build CentOS on NUC, install Wordpress and import SQL database, Line : 141 
Skip--Start date or End date is empty in Sheet name: IT, Task name: Research how to reset password admin local remotely, Line : 142 
Skip--Start date or End date is empty in Sheet name: IT, Task name: Research how to allow assign admin to CAD team for use development tool software, Line : 143 
Skip--Start date or End date is empty in Sheet name: IT, Task name: Create Outlook notify based on excel, Line : 144 
Skip--Start date or End date is empty in Sheet name: IT, Task name: Research VBA, Line : 145 
Skip--Start date or End date is empty in Sheet name: IT, Task name: Deploy a virtual machine and create a schedule to run the PowerShell script above, Line : 147 
Skip--Start date or End date is empty in Sheet name: IT, Task name: Get all documents with blank label, Line : 149 
Skip--Start date or End date is empty in Sheet name: IT, Task name: Auto assign label for these documents, Line : 150 
Skip--Start date or End date is empty in Sheet name: IT, Task name: Sent email notification from Windows server, Line : 151 
Skip--Start date or End date is empty in Sheet name: IT, Task name: Sync AD on-premises with ADD on office 365, Line : 153 
Skip--Start date or End date is empty in Sheet name: IT, Task name: Block attack host from internet, Line : 154 
Skip--Start date or End date is empty in Sheet name: IT, Task name: Check SQL software backup can send email notify pass fw, Line : 155 
Skip--Start date or End date is empty in Sheet name: IT, Task name: Allow Windows update through firewall, Line : 156 
Skip--Start date or End date is empty in Sheet name: IT, Task name: Build Centos on Nuc, research about website wordpress, Line : 157 
Skip--Start date or End date is empty in Sheet name: IT, Task name: How to delete email on office 365, Line : 158 
Skip--Start date or End date is empty in Sheet name: IT, Task name: Reseach - How to sync folder profile from Onedrive when login domain user on laptop, Line : 159 
Skip--Start date or End date is empty in Sheet name: IT, Task name: PowerShell script so we can attach this folder structure for group when creating new, Line : 160 
Skip--Start date or End date is empty in Sheet name: IT, Task name: Research full log local disk Sophos Firewall ViettelIDC, Line : 161 
Skip--Start date or End date is empty in Sheet name: IT, Task name: Nguyen Thanh Huynh - No machine hang, Line : 164 
Skip--Start date or End date is empty in Sheet name: IT, Task name: Review network system Linco, Line : 165 
Skip--Start date or End date is empty in Sheet name: IT, Task name: View with anh Diep how to access server for install software (Misa, OrCAD), Line : 166 
Skip--Start date or End date is empty in Sheet name: IT, Task name: Check problem cannot access airline website in Danang, Line : 167 
Skip--Start date or End date is empty in Sheet name: IT, Task name: Check internet connection at Linco, Line : 168 
Skip--Start date or End date is empty in Sheet name: IT, Task name: Check list MDM for 18 Users Thien Son Office, Line : 169 
Skip--Start date or End date is empty in Sheet name: IT, Task name: Follow network at Thien Sơn office, Line : 170 
Skip--Start date or End date is empty in Sheet name: IT, Task name: Clean network cable for c Van & make new RJ45 for Dung, Line : 171 
Skip--Start date or End date is empty in Sheet name: IT, Task name: Update new device take from A Duong, Line : 172 
Skip--AssignTo is empty in Sheet name: IT, Task name: Team IT meeting about IT process, Line : 173 
Skip--Start date or End date is empty in Sheet name: IT, Task name: Orcad - Check RPD to server S59 from TS office, Line : 174 
Skip--Start date or End date is empty in Sheet name: IT, Task name: Make procedure, relate document how to connect S59 by RPD, Line : 175 
Skip--Start date or End date is empty in Sheet name: IT, Task name: Replace HDMI cable for c Van & check this cable, Line : 176 
Skip--Start date or End date is empty in Sheet name: IT, Task name: Show a Dong how to connect server s59, enroll MDM for Huynh, Line : 177 
Skip--Start date or End date is empty in Sheet name: IT, Task name: Take back IT device from Manh Vu, Line : 178 
Skip--Start date or End date is empty in Sheet name: IT, Task name: Export data fingering Thien Son office, Line : 179 
Skip--Start date or End date is empty in Sheet name: IT, Task name: Setup laptop for c Minh with new SSD, Line : 180 
Skip--Start date or End date is empty in Sheet name: IT, Task name: Migrate laptop for c Minh at 5PM, Line : 181 
Skip--Start date or End date is empty in Sheet name: IT, Task name: See c Van about quantity socket in layout new office, Line : 182 
Skip--Start date or End date is empty in Sheet name: IT, Task name: Download all log from Sophos VDC, Line : 183 
Skip--Start date or End date is empty in Sheet name: IT, Task name: List all spare device at Linco & Thien Son, Line : 184 
Skip--Start date or End date is empty in Sheet name: IT, Task name: Check status of charge, HDD, HDMI cable, Mouse in stock, Line : 185 
Skip--Start date or End date is empty in Sheet name: IT, Task name: Install new laptop for Ms Minh, Line : 186 
Skip--Start date or End date is empty in Sheet name: IT, Task name: List all device a Duong send from US, Line : 187 
Skip--Start date or End date is empty in Sheet name: IT, Task name: Add license SmartSVN, check how it work with a Dong, Line : 188 
Skip--Start date or End date is empty in Sheet name: IT, Task name: Get list of fingerprint machine in TS Office, Line : 189 
Skip--Start date or End date is empty in Sheet name: IT, Task name: HCM_Battery replace (send report status), Line : 190 
Skip--Start date or End date is empty in Sheet name: IT, Task name: Change PC name, disgroup admin local, remove software, Line : 191 
Skip--Start date or End date is empty in Sheet name: IT, Task name: Make form manage all devices, Line : 192 
Skip--Start date or End date is empty in Sheet name: IT, Task name: New LCD purchase, Line : 193 
Skip--Start date or End date is empty in Sheet name: IT, Task name: Install Misa 2017, Line : 194 
Skip--Start date or End date is empty in Sheet name: IT, Task name: Check spec new UPS for Thien Son & Linco office, Line : 195 
Skip--Start date or End date is empty in Sheet name: IT, Task name: Ad license Cadence on Windows server, Line : 196 
Skip--Start date or End date is empty in Sheet name: IT, Task name: Update IT handbook file, Line : 197 
Skip--Start date or End date is empty in Sheet name: IT, Task name: Purchase new cable box, Line : 198 
Skip--Start date or End date is empty in Sheet name: IT, Task name: Purchase new keyboard and mouse, Line : 199 
Skip--Start date or End date is empty in Sheet name: IT, Task name: Draw network map in Thien Sơn, Line : 200 
Skip--Start date or End date is empty in Sheet name: IT, Task name: Make a checklist for new/resigned emps, Line : 201 
Skip--Start date or End date is empty in Sheet name: IT, Task name: Make budget form, Line : 202 
Skip--Start date or End date is empty in Sheet name: IT, Task name: Make a plan about network, electric for new office, Line : 203 
Skip--Start date or End date is empty in Sheet name: IT, Task name: Purchase new windows license, Line : 204 
Skip--Start date or End date is empty in Sheet name: IT, Task name: Network - Check resolving host.. problem, Line : 205 
Skip--Start date or End date is empty in Sheet name: IT, Task name: Update device HCM to smartsheet DN, Line : 206 
Skip--Start date or End date is empty in Sheet name: IT, Task name: Warranty battery laptop for Khanh Le, Line : 207 
Skip--Start date or End date is empty in Sheet name: IT, Task name: Problem OffworkManger application of Ms Minh, Line : 208 
Skip--Start date or End date is empty in Sheet name: IT, Task name: Follow laptop c Minh after migrate, Line : 209 
Skip--Start date or End date is empty in Sheet name: IT, Task name: Setup Misa on laptop spare, try connect with SQL on S59, Line : 210 
Skip--Start date or End date is empty in Sheet name: IT, Task name: Review network system Thien Son with a Diep, Line : 211 
Skip--Start date or End date is empty in Sheet name: IT, Task name: Assign new keyboard for Nguyen, Line : 212 
Skip--Start date or End date is empty in Sheet name: IT, Task name: Check quota home folder of a Dong, Line : 213 
Skip--Start date or End date is empty in Sheet name: IT, Task name: Make procedure how to change password for user on Windows server, Line : 214 
Skip--Start date or End date is empty in Sheet name: IT, Task name: Check with a Quan quotation new office Thien Son, Line : 215 
Skip--Start date or End date is empty in Sheet name: IT, Task name: Setup Sony software for c Van, Line : 216 
Skip--AssignTo is empty in Sheet name: IT, Task name: Check log Sophos VDC new smaller than before, Line : 217 
Skip--Start date or End date is empty in Sheet name: IT, Task name: Check access server s59 for Nguyen Thanh Huynh, Line : 218 
Skip--Start date or End date is empty in Sheet name: IT, Task name: Install open office on s59, Line : 219 
Skip--Start date or End date is empty in Sheet name: IT, Task name: Prepare LCD & give account email for new intern, Line : 220 
Skip--Start date or End date is empty in Sheet name: IT, Task name: Check estimate time upgrade Windows 10 Home to Pro, Line : 221 
Skip--Start date or End date is empty in Sheet name: IT, Task name: Meeting with Thuy DN about process label, Line : 222 
Skip--Start date or End date is empty in Sheet name: IT, Task name: Assign account, LCD for new intern in TS, Line : 223 
Skip--Start date or End date is empty in Sheet name: IT, Task name: Check warranty projector Thien Son office, Line : 224 
Skip--Start date or End date is empty in Sheet name: IT, Task name: Check account nambui cannot login Unix 2.80, Line : 225 
Skip--Start date or End date is empty in Sheet name: IT, Task name: Setup font nomachine for Dung, Line : 226 
Skip--Start date or End date is empty in Sheet name: IT, Task name: Check problem cannot load Gnome for Dung, Line : 227 
Skip--Start date or End date is empty in Sheet name: IT, Task name: Follow new office Savarti, Line : 228 
Skip--Start date or End date is empty in Sheet name: IT, Task name: Replace projector for Thien Son office, Line : 229 
Skip--Start date or End date is empty in Sheet name: IT, Task name: Prepare laptop to fresher, Line : 230 
Skip--Start date or End date is empty in Sheet name: IT, Task name: Assign device & setup IT for 2 new comer, Line : 231 
Skip--Start date or End date is empty in Sheet name: IT, Task name: Check upgrade to Windows Pro follow to guild of FPT, Line : 232 
Skip--Start date or End date is empty in Sheet name: IT, Task name: Follow battery laptop warranty for Khanh, Line : 233 
Skip--Start date or End date is empty in Sheet name: IT, Task name: Create fingering for new Fresher Hoài, Line : 234 
Skip--Start date or End date is empty in Sheet name: IT, Task name: Make list lable LCD, laptop, other device HCM, Line : 235 
Skip--Start date or End date is empty in Sheet name: IT, Task name: Call Viettel VNPT about move 2 internet line to new office, Line : 236 
Skip--Start date or End date is empty in Sheet name: IT, Task name: Check access website BHXH for c Minh, Line : 237 
Skip--Start date or End date is empty in Sheet name: IT, Task name: Go to new office SVI, Line : 238 
Skip--Start date or End date is empty in Sheet name: IT, Task name: Buy HDMI cable at PV, Line : 239 
Skip--Start date or End date is empty in Sheet name: IT, Task name: Follow Mr. Nhan survey move MCC to new office, Line : 240 
Skip--Start date or End date is empty in Sheet name: IT, Task name: Check price & when can process print label for LCD & Laptop, Line : 241 
Skip--Start date or End date is empty in Sheet name: IT, Task name: Follow move access control to new office, Line : 242 
Skip--Start date or End date is empty in Sheet name: IT, Task name: Add fingering for Huy at Thien Son office, Line : 243 
Skip--Start date or End date is empty in Sheet name: IT, Task name: Make list handover from aDiep, Line : 244 
Skip--Start date or End date is empty in Sheet name: IT, Task name: Print label laptop & LCD, Line : 245 
Skip--Start date or End date is empty in Sheet name: IT, Task name: Go to new office work with contractor & building tech, Line : 246 
Skip--Start date or End date is empty in Sheet name: IT, Task name: follow Nhuan & process label all LCD & laptop, Line : 247 
Skip--Start date or End date is empty in Sheet name: IT, Task name: Prepare NUC PC for Ms. Phung, Line : 248 
Skip--Start date or End date is empty in Sheet name: IT, Task name: Check quotation ACC system with vendor, Line : 249 
Skip--Start date or End date is empty in Sheet name: IT, Task name: Re-check list all equipment & furniture Linco, Line : 250 
Skip--Start date or End date is empty in Sheet name: IT, Task name: Meeting with Hieu & a Quan - office 365 topic, Line : 251 
Skip--Start date or End date is empty in Sheet name: IT, Task name: Re-check all item at Linco office with aDiep, Line : 253 
Skip--Start date or End date is empty in Sheet name: IT, Task name: Setup driver excel, access on s59 for aDong, Line : 283 
Skip--Start date or End date is empty in Sheet name: IT, Task name: Check GPO deploy app on ad01, Line : 291 
Skip--Start date or End date is empty in Sheet name: IT, Task name: Check problem wifi savarti24&51, Line : 294 
Skip--Start date or End date is empty in Sheet name: IT, Task name: Install centos 6.6 on NUC & Laptop, Line : 295 
Skip--Start date or End date is empty in Sheet name: IT, Task name: Follow guy to fix plaster at reception area, Line : 296 
Skip--Start date or End date is empty in Sheet name: IT, Task name: Support Hieu setup new wifi for DN, Line : 297 
Skip--Start date or End date is empty in Sheet name: IT, Task name: Support Hieu install Cent OS on Nuc, Line : 298 
Skip--Start date or End date is empty in Sheet name: IT, Task name: Contact vendor check problem access control, Line : 299 
Skip--Start date or End date is empty in Sheet name: IT, Task name: Check fingering for cNgoan, Line : 300 
Skip--Start date or End date is empty in Sheet name: IT, Task name: Follow tech fix access control, Line : 301 
Skip--Start date or End date is empty in Sheet name: IT, Task name: Follow Hieu fix problem Wifi netgear at DN, Line : 302 
Skip--Start date or End date is empty in Sheet name: IT, Task name: Take back all device of Thien (Left user), Line : 303 
Skip--Start date or End date is empty in Sheet name: IT, Task name: Update information network device new office HCM, Line : 304 
Skip--Start date or End date is empty in Sheet name: IT, Task name: Check virus problem on laptop Chau Tran, Line : 305 
Skip--Start date or End date is empty in Sheet name: IT, Task name: Instruct Hieu config wifi Acher DN, Line : 306 
Skip--Start date or End date is empty in Sheet name: IT, Task name: Order soundproof for manager room, Line : 307 
Skip--Start date or End date is empty in Sheet name: IT, Task name: Go to vendor take rubber cord, Line : 308 
Skip--Start date or End date is empty in Sheet name: IT, Task name: Paste rubber for manager & meeting room, Line : 309 
Skip--Start date or End date is empty in Sheet name: IT, Task name: Get back IT from Vu Do, Line : 310 
Skip--Start date or End date is empty in Sheet name: IT, Task name: Update Vu Do - left user to IT document, Line : 311 
Skip--Start date or End date is empty in Sheet name: IT, Task name: Check problem network DN connect to AD01, Line : 312 
Skip--Start date or End date is empty in Sheet name: IT, Task name: Contact Emerald management for task close office on Tet holiday, Line : 313 
Skip--Start date or End date is empty in Sheet name: IT, Task name: Re-install Windows for aHieu, Line : 314 
Skip--Start date or End date is empty in Sheet name: IT, Task name: Close office HCM, Line : 315 
Skip--Start date or End date is empty in Sheet name: IT, Task name: Check wifi for laptop SVI using, Line : 317 
Skip--Start date or End date is empty in Sheet name: IT, Task name: Re-install, join domain laptop Tan, Line : 319 
Skip--Start date or End date is empty in Sheet name: IT, Task name: Join domain for PhiLe, Congmai, Line : 336 
Skip--Start date or End date is empty in Sheet name: IT, Task name: Work with Thien Vendor setup Fast accouting software, Line : 338 
Skip--Start date or End date is empty in Sheet name: IT, Task name: Install Python, Java, Eclipse, Tortoise on laptop CAD team & IT team, Line : 340 
Skip--Start date or End date is empty in Sheet name: IT, Task name: Join domain for aSon, Line : 343 
Skip--Start date or End date is empty in Sheet name: IT, Task name: Migrate laptop for Thuy, Line : 358 
Skip--AssignTo is empty in Sheet name: IT, Task name: Check scan problem for cVan, Line : 397 
Skip--Start date or End date is empty in Sheet name: IT, Task name: Inventory IT device in June, Line : 624 
Skip--Start date or End date is empty in Sheet name: IT, Task name: Check IT stock, Line : 625 
Skip--Start date or End date is empty in Sheet name: IT, Task name: Request about tag version of word, ppt, xls or pdf file in your task list to research, Line : 628 
Skip--AssignTo is empty in Sheet name: IT, Task name: Compare with skype, Line : 630 
Skip--AssignTo is empty in Sheet name: IT, Task name: Instruction, Line : 631 
Skip--AssignTo is empty in Sheet name: IT, Task name: Test, Line : 632 
Skip--Start date or End date is empty in Sheet name: IT, Task name: Training for aVu about Office 365, Line : 633 
Skip--AssignTo is empty in Sheet name: IT, Task name: Notify expire contract, Line : 635 
Skip--AssignTo is empty in Sheet name: IT, Task name: Notify interview schedule, Line : 636 
Skip--AssignTo is empty in Sheet name: IT, Task name: Notify result interview, Line : 637 
Skip--AssignTo is empty in Sheet name: IT, Task name: Permission of user, Line : 638 
Skip--AssignTo is empty in Sheet name: IT, Task name: Add information of employees, Line : 639 
Skip--Start date or End date is empty in Sheet name: IT, Task name: 1 NUC can't connect internet by cable, Line : 640 
Skip--Start date or End date is empty in Sheet name: IT, Task name: 1 NUC is not functioning, Line : 641 
Skip--Start date or End date is empty in Sheet name: IT, Task name: Check virus of AnLuong's PC, Line : 642 
Skip--Start date or End date is empty in Sheet name: IT, Task name: 2 NUC at cleanroom can't connect internet by cable, Line : 643 
Skip--Start date or End date is empty in Sheet name: IT, Task name: 1 NUC at cleanroom can't connect internet by cable, Line : 644 
Skip--Start date or End date is empty in Sheet name: IT, Task name: Purchase new Laptop for engineers passed 6 months contract, Line : 645 
Skip--Start date or End date is empty in Sheet name: IT, Task name: Install win 10 for 4 new laptop, Line : 646 
Skip--Start date or End date is empty in Sheet name: IT, Task name: List plan assign Laptop for engineer passed 6 months contract, Line : 647 
Skip--Start date or End date is empty in Sheet name: IT, Task name: Traning for new internship, Line : 648 
Skip--Start date or End date is empty in Sheet name: IT, Task name: List plan assign 2nd LCD for layout engineer, Line : 649 
Skip--Start date or End date is empty in Sheet name: IT, Task name: 1 NUC is not functioning, need reset, Line : 650 
Skip--Start date or End date is empty in Sheet name: IT, Task name: 1 NUC has problem with office 365, can not sign in Skype, Line : 651 
Skip--Start date or End date is empty in Sheet name: IT, Task name: Team IT meeting with c Minh about task: Using Sharepoint to notify contract expiration, Line : 652 
Skip--Start date or End date is empty in Sheet name: IT, Task name: Replace 2 SSD for 2 new laptop, Line : 653 
Skip--Start date or End date is empty in Sheet name: IT, Task name: Inventory:  install win 10 for user HienHa, Line : 654 
Skip--Start date or End date is empty in Sheet name: IT, Task name: Fix A Ha's laptop can not shutdown, Line : 655 
Skip--Start date or End date is empty in Sheet name: IT, Task name: Plan upgrade win 10 pro for DN office, Line : 656 
Skip--Start date or End date is empty in Sheet name: IT, Task name: Test upgrade with PC run windows home and windows pro, Line : 657 
Skip--Start date or End date is empty in Sheet name: IT, Task name: Install software for HR, Line : 658 
Skip--Start date or End date is empty in Sheet name: IT, Task name: Fix printer can not scan, Line : 659 
Skip--Start date or End date is empty in Sheet name: IT, Task name: Buy and replace keyboard for laptop Dell Ins 3442, Line : 660 
Skip--Start date or End date is empty in Sheet name: IT, Task name: Upgrade firmware for Brother printer, Line : 661 
Skip--Start date or End date is empty in Sheet name: IT, Task name: Take back IT device from ThaiNguyen (left_svi), Line : 662 
Skip--Start date or End date is empty in Sheet name: IT, Task name: Set up new laptop for NhatTran, Line : 663 
Skip--Start date or End date is empty in Sheet name: IT, Task name: Set up projector for meeting room, Line : 664 
Skip--Start date or End date is empty in Sheet name: IT, Task name: Research add new option to select meeting room, Line : 665 
Skip--Start date or End date is empty in Sheet name: IT, Task name: Research  how to manage laptop has been activated key windows pro, Line : 666 
Skip--Start date or End date is empty in Sheet name: IT, Task name: Update IT Handbook: add booking room instruction, Line : 667 
Skip--Start date or End date is empty in Sheet name: IT, Task name: 1 NUC is not functioning, need reset windows, Line : 668 
Skip--Start date or End date is empty in Sheet name: IT, Task name: Update Bios for NUC at cleanroom, Line : 669 
Skip--Start date or End date is empty in Sheet name: IT, Task name: Upgrade win 10 pro for all user, Line : 671 
Skip--Start date or End date is empty in Sheet name: IT, Task name: Fix  Laptop of user Hung Le don't use USB port, Line : 672 
Skip--Start date or End date is empty in Sheet name: IT, Task name: Prepare document/ equipment for 2 new interns: Huy, Tien, Line : 673 
Skip--Start date or End date is empty in Sheet name: IT, Task name: Fix issue: can not login Nomachine of user phunguyen, Line : 674 
Skip--Start date or End date is empty in Sheet name: IT, Task name: Fix issue Nomachine: can not access /proj/interns of user huynguyen, Line : 675 
Skip--Start date or End date is empty in Sheet name: IT, Task name: Contact DGW to buy 3 new LCD, Line : 676 
Skip--Start date or End date is empty in Sheet name: IT, Task name: Contact FPT service to ask about office 365 security, Line : 677 
Skip--Start date or End date is empty in Sheet name: IT, Task name: Check Power transformer for new wifi Netgear, Line : 678 
Skip--Start date or End date is empty in Sheet name: IT, Task name: Buying new  HDMI, Line : 679 
Skip--Start date or End date is empty in Sheet name: IT, Task name: Assign new LCD for NhatThai, Line : 680 
Skip--Start date or End date is empty in Sheet name: IT, Task name: Set up projector, power, cable for cleanroom, Line : 681 
Skip--Start date or End date is empty in Sheet name: IT, Task name: Fix Nomachine has problem for user LuanPham, Line : 682 
Skip--Start date or End date is empty in Sheet name: IT, Task name: Set up new router wifi Netgear, Line : 683 
Skip--Start date or End date is empty in Sheet name: IT, Task name: Apply office 365 security for s017, s018 group, Line : 684 
Skip--Start date or End date is empty in Sheet name: IT, Task name: install CentOS for NUC, Line : 685 
Skip--Start date or End date is empty in Sheet name: IT, Task name: Apply office 365 security for HR, Line : 686 
Skip--Start date or End date is empty in Sheet name: IT, Task name: Prepare document/ equipment for 2 new interns: TriLe, TriNguyen, NhienNguyen, BaoTran, Line : 687 
Skip--Start date or End date is empty in Sheet name: IT, Task name: Assign LCD for NhutLe (SVI-SG), Line : 688 
Skip--Start date or End date is empty in Sheet name: IT, Task name: Support Linux for intern, Line : 689 
Skip--Start date or End date is empty in Sheet name: IT, Task name: Support Linux for user TrungVo, Line : 690 
Skip--Start date or End date is empty in Sheet name: IT, Task name: Update IT-Handbook: Open file Office on Linux, Line : 691 
Skip--Start date or End date is empty in Sheet name: IT, Task name: Order new mouse Logitech M221, Line : 692 
Skip--Start date or End date is empty in Sheet name: IT, Task name: Meeting with new internship about basic information, Line : 693 
Skip--Start date or End date is empty in Sheet name: IT, Task name: Support c Thuy install new software, Line : 694 
Skip--Start date or End date is empty in Sheet name: IT, Task name: Set up 2 SVI guest wifi, Line : 695 
Skip--Start date or End date is empty in Sheet name: IT, Task name: Assign LCD for user HoangNguyen, Line : 696 
Skip--Start date or End date is empty in Sheet name: IT, Task name: Take back IT device from HungLe (left_svi), Line : 697 
Skip--Start date or End date is empty in Sheet name: IT, Task name: Support c Chau create folder on sharepoint, Line : 698 
Skip--Start date or End date is empty in Sheet name: IT, Task name: Set up Laptop for new emps, Line : 699 
Skip--Start date or End date is empty in Sheet name: IT, Task name: Prepare document/ equipment for new employee: KieuNguyen, Line : 700 
Skip--Start date or End date is empty in Sheet name: IT, Task name: Support new employee set up environment, Line : 701 
Skip--Start date or End date is empty in Sheet name: IT, Task name: Test join domain for PCs at cleanroom with a Vu, Line : 702 
Skip--Start date or End date is empty in Sheet name: IT, Task name: Support cThuy working with printer, Line : 703 
Skip--Start date or End date is empty in Sheet name: IT, Task name: Assign 2nd LCD for aThanh at cleanroom, Line : 704 
Skip--Start date or End date is empty in Sheet name: IT, Task name: Join domain for all PCs, Line : 705 
Skip--Start date or End date is empty in Sheet name: IT, Task name: Test label with modify content expiration, Line : 706 
Skip--Start date or End date is empty in Sheet name: IT, Task name: Check 1 LCD has issue, Line : 707 
Skip--Start date or End date is empty in Sheet name: IT, Task name: Contact vendor to buy cable internet, Line : 708 
Skip--Start date or End date is empty in Sheet name: IT, Task name: Set up cable internet for meeting at cleanroom, Line : 709 
Skip--Start date or End date is empty in Sheet name: IT, Task name: Reinstall office app for cP.Thuy, Line : 710 
Skip--Start date or End date is empty in Sheet name: IT, Task name: Check problem when sync onedrive for user NhiTran, Line : 711 
Skip--Start date or End date is empty in Sheet name: IT, Task name: Complete PE, Line : 712 
Skip--Start date or End date is empty in Sheet name: IT, Task name: Support user TrungVo login Nomachine, Line : 713 
Skip--Start date or End date is empty in Sheet name: IT, Task name: Check rule Allow USB on domain control, Line : 714 
Skip--Start date or End date is empty in Sheet name: IT, Task name: Fix 1 NUC at cleanroom can not use cable internet, Line : 715 
Skip--Start date or End date is empty in Sheet name: IT, Task name: Support cChau set up new account, Line : 716 
Skip--Start date or End date is empty in Sheet name: IT, Task name: Take back IT device from a.Truong, Line : 717 
Skip--Start date or End date is empty in Sheet name: IT, Task name: Check problem when join domain: The network path was not found, Line : 718 
Skip--Start date or End date is empty in Sheet name: IT, Task name: Check problem when update policy from domain to client, Line : 719 
Skip--Start date or End date is empty in Sheet name: IT, Task name: Check and order IT equipment for DN office from Phong Vu vendor, Line : 720 
Skip--Start date or End date is empty in Sheet name: IT, Task name: Check problem can not connect s24 for user HoangTran, Line : 721 
Skip--Start date or End date is empty in Sheet name: IT, Task name: Update IT Handbook with content: Login and connect VPN account, Line : 722 
Skip--Start date or End date is empty in Sheet name: IT, Task name: Check problem internet, Line : 723 
Skip--Start date or End date is empty in Sheet name: IT, Task name: Assign fingerprint for user NhutLe, Line : 724 
Skip--Start date or End date is empty in Sheet name: IT, Task name: Support Laptop of user NguyenHuynh connect internet by cable, Line : 725 
Skip--Start date or End date is empty in Sheet name: IT, Task name: Check problem can not update policy for TuanPham's laptop, Line : 726 
Skip--Start date or End date is empty in Sheet name: IT, Task name: Replace keyboard for 2 laptops Dell Ins 3442, Line : 727 
Skip--Start date or End date is empty in Sheet name: IT, Task name: Upgrade Ram for 5 laptops Dell Ins 3467, Line : 728 
Skip--Start date or End date is empty in Sheet name: IT, Task name: Report guideline PC_set_up_flow, Line : 729 
Skip--Start date or End date is empty in Sheet name: IT, Task name: Support a P.Hung's laptop can not login, Line : 730 
Skip--Start date or End date is empty in Sheet name: IT, Task name: Support user HiepNgo login Nomachine, Line : 731 
Skip--Start date or End date is empty in Sheet name: IT, Task name: Update guideline Domain + PC setup flow, Line : 732 
Skip--AssignTo is empty in Sheet name: IT, Task name: NaN, Line : 874 
Skip--AssignTo is empty in Sheet name: IT, Task name: IT Helpdesk, Line : 875 
Skip--AssignTo is empty in Sheet name: IT, Task name: [VH] - Continue meeting svn with cad team, Line : 915 
Skip--AssignTo is empty in Sheet name: IT, Task name: Prepare IT devices, Line : 917 
Skip--AssignTo is empty in Sheet name: IT, Task name: Prepare documents, Line : 918 
Skip--AssignTo is empty in Sheet name: IT, Task name: Create account Office365, AD, Linux, Line : 919 
Skip--Start date or End date is empty in Sheet name: IT, Task name: [VH] - Prepare device for 5 new fresher in SG, Line : 921 
Skip--Start date or End date is empty in Sheet name: IT, Task name: Prepare IT devices, Line : 923 
Skip--Start date or End date is empty in Sheet name: IT, Task name: Prepare documents, Line : 924 
Skip--Start date or End date is empty in Sheet name: IT, Task name: Trainning, Line : 925 
Skip--Start date or End date is empty in Sheet name: IT, Task name: RE: Internship DN - Terminate account, Line : 926 
Skip--AssignTo is empty in Sheet name: IT, Task name: Changes to Interview List: New Internship - Tran Minh Hieu, Line : 927 
