Skip--AssignTo is empty in Sheet name: NRE_ECC_CPL, Task name: NaN, Line : 1 
Skip--AssignTo is empty in Sheet name: NRE_ECC_CPL, Task name: NaN, Line : 92 
Skip--Start date or End date is empty in Sheet name: NRE_ECC_CPL, Task name: Compiler tool, Line : 94 
Skip--AssignTo is empty in Sheet name: NRE_ECC_CPL, Task name: instance 8x16, Line : 96 
Skip--AssignTo is empty in Sheet name: NRE_ECC_CPL, Task name: instance 8x20, Line : 97 
Skip--AssignTo is empty in Sheet name: NRE_ECC_CPL, Task name: instance 8x24, Line : 98 
Skip--AssignTo is empty in Sheet name: NRE_ECC_CPL, Task name: instance 8x28, Line : 99 
Skip--AssignTo is empty in Sheet name: NRE_ECC_CPL, Task name: instance 8x32, Line : 100 
Skip--AssignTo is empty in Sheet name: NRE_ECC_CPL, Task name: instance 8x36, Line : 101 
Skip--AssignTo is empty in Sheet name: NRE_ECC_CPL, Task name: instance 8x40, Line : 102 
Skip--AssignTo is empty in Sheet name: NRE_ECC_CPL, Task name: instance 8x44, Line : 103 
Skip--AssignTo is empty in Sheet name: NRE_ECC_CPL, Task name: instance 8x48, Line : 104 
Skip--AssignTo is empty in Sheet name: NRE_ECC_CPL, Task name: instance 8x52, Line : 105 
Skip--AssignTo is empty in Sheet name: NRE_ECC_CPL, Task name: instance 8x56, Line : 106 
Skip--AssignTo is empty in Sheet name: NRE_ECC_CPL, Task name: instance 8x60, Line : 107 
Skip--AssignTo is empty in Sheet name: NRE_ECC_CPL, Task name: instance 8x64, Line : 108 
Skip--AssignTo is empty in Sheet name: NRE_ECC_CPL, Task name: instance 8x68, Line : 109 
Skip--AssignTo is empty in Sheet name: NRE_ECC_CPL, Task name: instance 8x72, Line : 110 
Skip--AssignTo is empty in Sheet name: NRE_ECC_CPL, Task name: instance 8x76, Line : 111 
Skip--AssignTo is empty in Sheet name: NRE_ECC_CPL, Task name: instance 8x80, Line : 112 
Skip--AssignTo is empty in Sheet name: NRE_ECC_CPL, Task name: instance 8x84, Line : 113 
Skip--AssignTo is empty in Sheet name: NRE_ECC_CPL, Task name: instance 8x88, Line : 114 
Skip--AssignTo is empty in Sheet name: NRE_ECC_CPL, Task name: instance 8x92, Line : 115 
Skip--AssignTo is empty in Sheet name: NRE_ECC_CPL, Task name: instance 8x100, Line : 116 
Skip--AssignTo is empty in Sheet name: NRE_ECC_CPL, Task name: instance 8x104, Line : 117 
Skip--AssignTo is empty in Sheet name: NRE_ECC_CPL, Task name: instance 8x108, Line : 118 
Skip--AssignTo is empty in Sheet name: NRE_ECC_CPL, Task name: instance 8x112, Line : 119 
Skip--AssignTo is empty in Sheet name: NRE_ECC_CPL, Task name: instance 8x116, Line : 120 
Skip--AssignTo is empty in Sheet name: NRE_ECC_CPL, Task name: instance 8x120, Line : 121 
Skip--AssignTo is empty in Sheet name: NRE_ECC_CPL, Task name: instance 8x124, Line : 122 
Skip--AssignTo is empty in Sheet name: NRE_ECC_CPL, Task name: instance 8x128, Line : 123 
Skip--AssignTo is empty in Sheet name: NRE_ECC_CPL, Task name: instance 8x132, Line : 124 
Skip--AssignTo is empty in Sheet name: NRE_ECC_CPL, Task name: instance 8x136, Line : 125 
Skip--AssignTo is empty in Sheet name: NRE_ECC_CPL, Task name: instance 8x140, Line : 126 
Skip--AssignTo is empty in Sheet name: NRE_ECC_CPL, Task name: instance 8x144, Line : 127 
Skip--AssignTo is empty in Sheet name: NRE_ECC_CPL, Task name: instance 8x148, Line : 128 
Skip--AssignTo is empty in Sheet name: NRE_ECC_CPL, Task name: instance 8x152, Line : 129 
Skip--AssignTo is empty in Sheet name: NRE_ECC_CPL, Task name: instance 8x156, Line : 130 
Skip--AssignTo is empty in Sheet name: NRE_ECC_CPL, Task name: instance 8x160, Line : 131 
Skip--AssignTo is empty in Sheet name: NRE_ECC_CPL, Task name: instance 8x96, Line : 132 
Skip--AssignTo is empty in Sheet name: NRE_ECC_CPL, Task name: instance 16x96, Line : 133 
Skip--AssignTo is empty in Sheet name: NRE_ECC_CPL, Task name: instance 24x96, Line : 134 
Skip--AssignTo is empty in Sheet name: NRE_ECC_CPL, Task name: instance 32x96, Line : 135 
Skip--AssignTo is empty in Sheet name: NRE_ECC_CPL, Task name: instance 40x96, Line : 136 
Skip--AssignTo is empty in Sheet name: NRE_ECC_CPL, Task name: instance 48x96, Line : 137 
Skip--AssignTo is empty in Sheet name: NRE_ECC_CPL, Task name: instance 56x96, Line : 138 
Skip--AssignTo is empty in Sheet name: NRE_ECC_CPL, Task name: instance 64x96, Line : 139 
Skip--AssignTo is empty in Sheet name: NRE_ECC_CPL, Task name: instance 72x96, Line : 140 
Skip--AssignTo is empty in Sheet name: NRE_ECC_CPL, Task name: instance 80x96, Line : 141 
Skip--AssignTo is empty in Sheet name: NRE_ECC_CPL, Task name: instance 88x96, Line : 142 
Skip--AssignTo is empty in Sheet name: NRE_ECC_CPL, Task name: instance 96x96, Line : 143 
Skip--AssignTo is empty in Sheet name: NRE_ECC_CPL, Task name: instance 104x96, Line : 144 
Skip--AssignTo is empty in Sheet name: NRE_ECC_CPL, Task name: instance 112x96, Line : 145 
Skip--AssignTo is empty in Sheet name: NRE_ECC_CPL, Task name: instance 120x96, Line : 146 
Skip--AssignTo is empty in Sheet name: NRE_ECC_CPL, Task name: instance 128x96, Line : 147 
Skip--AssignTo is empty in Sheet name: NRE_ECC_CPL, Task name: instance 136x96, Line : 148 
Skip--AssignTo is empty in Sheet name: NRE_ECC_CPL, Task name: instance 144x96, Line : 149 
Skip--AssignTo is empty in Sheet name: NRE_ECC_CPL, Task name: instance 152x96, Line : 150 
Skip--AssignTo is empty in Sheet name: NRE_ECC_CPL, Task name: instance 160x96, Line : 151 
Skip--AssignTo is empty in Sheet name: NRE_ECC_CPL, Task name: instance 168x96, Line : 152 
Skip--AssignTo is empty in Sheet name: NRE_ECC_CPL, Task name: instance 176x96, Line : 153 
Skip--AssignTo is empty in Sheet name: NRE_ECC_CPL, Task name: instance 184x96, Line : 154 
Skip--AssignTo is empty in Sheet name: NRE_ECC_CPL, Task name: instance 192x96, Line : 155 
Skip--AssignTo is empty in Sheet name: NRE_ECC_CPL, Task name: instance 200x96, Line : 156 
Skip--AssignTo is empty in Sheet name: NRE_ECC_CPL, Task name: instance 208x96, Line : 157 
Skip--AssignTo is empty in Sheet name: NRE_ECC_CPL, Task name: instance 216x96, Line : 158 
Skip--AssignTo is empty in Sheet name: NRE_ECC_CPL, Task name: instance 224x96, Line : 159 
Skip--AssignTo is empty in Sheet name: NRE_ECC_CPL, Task name: instance 232x96, Line : 160 
Skip--AssignTo is empty in Sheet name: NRE_ECC_CPL, Task name: instance 240x96, Line : 161 
Skip--AssignTo is empty in Sheet name: NRE_ECC_CPL, Task name: instance 248x96, Line : 162 
Skip--AssignTo is empty in Sheet name: NRE_ECC_CPL, Task name: instance 256x96, Line : 163 
Skip--AssignTo is empty in Sheet name: NRE_ECC_CPL, Task name: instance 264x96, Line : 164 
Skip--AssignTo is empty in Sheet name: NRE_ECC_CPL, Task name: instance 272x96, Line : 165 
Skip--AssignTo is empty in Sheet name: NRE_ECC_CPL, Task name: instance 280x96, Line : 166 
Skip--AssignTo is empty in Sheet name: NRE_ECC_CPL, Task name: instance 288x96, Line : 167 
Skip--AssignTo is empty in Sheet name: NRE_ECC_CPL, Task name: instance 296x96, Line : 168 
Skip--AssignTo is empty in Sheet name: NRE_ECC_CPL, Task name: instance 304x96, Line : 169 
Skip--AssignTo is empty in Sheet name: NRE_ECC_CPL, Task name: instance 312x96, Line : 170 
Skip--AssignTo is empty in Sheet name: NRE_ECC_CPL, Task name: instance 320x96, Line : 171 
Skip--AssignTo is empty in Sheet name: NRE_ECC_CPL, Task name: instance 328x96, Line : 172 
Skip--AssignTo is empty in Sheet name: NRE_ECC_CPL, Task name: instance 336x96, Line : 173 
Skip--AssignTo is empty in Sheet name: NRE_ECC_CPL, Task name: instance 344x96, Line : 174 
Skip--AssignTo is empty in Sheet name: NRE_ECC_CPL, Task name: instance 352x96, Line : 175 
Skip--AssignTo is empty in Sheet name: NRE_ECC_CPL, Task name: instance 360x96, Line : 176 
Skip--AssignTo is empty in Sheet name: NRE_ECC_CPL, Task name: instance 368x96, Line : 177 
Skip--AssignTo is empty in Sheet name: NRE_ECC_CPL, Task name: instance 376x96, Line : 178 
Skip--AssignTo is empty in Sheet name: NRE_ECC_CPL, Task name: instance 384x96, Line : 179 
Skip--AssignTo is empty in Sheet name: NRE_ECC_CPL, Task name: instance 392x96, Line : 180 
Skip--AssignTo is empty in Sheet name: NRE_ECC_CPL, Task name: instance 400x96, Line : 181 
Skip--AssignTo is empty in Sheet name: NRE_ECC_CPL, Task name: instance 408x96, Line : 182 
Skip--AssignTo is empty in Sheet name: NRE_ECC_CPL, Task name: instance 416x96, Line : 183 
Skip--AssignTo is empty in Sheet name: NRE_ECC_CPL, Task name: instance 424x96, Line : 184 
Skip--AssignTo is empty in Sheet name: NRE_ECC_CPL, Task name: instance 432x96, Line : 185 
Skip--AssignTo is empty in Sheet name: NRE_ECC_CPL, Task name: instance 440x96, Line : 186 
Skip--AssignTo is empty in Sheet name: NRE_ECC_CPL, Task name: instance 448x96, Line : 187 
Skip--AssignTo is empty in Sheet name: NRE_ECC_CPL, Task name: instance 456x96, Line : 188 
Skip--AssignTo is empty in Sheet name: NRE_ECC_CPL, Task name: instance 464x96, Line : 189 
Skip--AssignTo is empty in Sheet name: NRE_ECC_CPL, Task name: instance 472x96, Line : 190 
Skip--AssignTo is empty in Sheet name: NRE_ECC_CPL, Task name: instance 480x96, Line : 191 
Skip--AssignTo is empty in Sheet name: NRE_ECC_CPL, Task name: instance 488x96, Line : 192 
Skip--AssignTo is empty in Sheet name: NRE_ECC_CPL, Task name: instance 496x96, Line : 193 
Skip--AssignTo is empty in Sheet name: NRE_ECC_CPL, Task name: instance 504x96, Line : 194 
Skip--AssignTo is empty in Sheet name: NRE_ECC_CPL, Task name: instance 512x96, Line : 195 
Skip--AssignTo is empty in Sheet name: NRE_ECC_CPL, Task name: instance 512x16, Line : 196 
Skip--AssignTo is empty in Sheet name: NRE_ECC_CPL, Task name: instance 512x160, Line : 197 
Skip--AssignTo is empty in Sheet name: NRE_ECC_CPL, Task name: NaN, Line : 198 
Skip--AssignTo is empty in Sheet name: NRE_ECC_CPL, Task name: NaN, Line : 199 
Skip--Start date or End date is empty in Sheet name: NRE_ECC_CPL, Task name: testcases coding, Line : 279 
Skip--Start date or End date is empty in Sheet name: NRE_ECC_CPL, Task name: update checker for command queue, Line : 280 
Skip--AssignTo is empty in Sheet name: NRE_ECC_CPL, Task name: NaN, Line : 291 
Skip--AssignTo is empty in Sheet name: NRE_ECC_CPL, Task name: Partial encrypt, Line : 311 
Skip--AssignTo is empty in Sheet name: NRE_ECC_CPL, Task name: Use enternal script (IEEE 1735), Line : 312 
Skip--AssignTo is empty in Sheet name: NRE_ECC_CPL, Task name: Compiler argument constraint, Line : 313 
Skip--AssignTo is empty in Sheet name: NRE_ECC_CPL, Task name: Option to remove UVM from released compiler, Line : 314 
Skip--Start date or End date is empty in Sheet name: NRE_ECC_CPL, Task name: Design Specification, Line : 317 
Skip--Start date or End date is empty in Sheet name: NRE_ECC_CPL, Task name: ECC Compiler User Guide, Line : 318 
Skip--AssignTo is empty in Sheet name: NRE_ECC_CPL, Task name: NaN, Line : 319 
Skip--AssignTo is empty in Sheet name: NRE_ECC_CPL, Task name: Start, Line : 365 
Skip--AssignTo is empty in Sheet name: NRE_ECC_CPL, Task name: New Year Vacation, Line : 391 
Skip--AssignTo is empty in Sheet name: NRE_ECC_CPL, Task name: Pipeline + word + bit, Line : 403 
Skip--AssignTo is empty in Sheet name: NRE_ECC_CPL, Task name: Active logic level, Line : 404 
Skip--AssignTo is empty in Sheet name: NRE_ECC_CPL, Task name: vcs list1, Line : 406 
Skip--AssignTo is empty in Sheet name: NRE_ECC_CPL, Task name: vcs list2, Line : 407 
Skip--AssignTo is empty in Sheet name: NRE_ECC_CPL, Task name: vcs list3, Line : 408 
Skip--AssignTo is empty in Sheet name: NRE_ECC_CPL, Task name: vcs list4, Line : 409 
Skip--AssignTo is empty in Sheet name: NRE_ECC_CPL, Task name: irun list1, Line : 410 
Skip--AssignTo is empty in Sheet name: NRE_ECC_CPL, Task name: irun list2, Line : 411 
Skip--AssignTo is empty in Sheet name: NRE_ECC_CPL, Task name: irun list3, Line : 412 
Skip--AssignTo is empty in Sheet name: NRE_ECC_CPL, Task name: irun list4, Line : 413 
Skip--AssignTo is empty in Sheet name: NRE_ECC_CPL, Task name: instance 8x16, Line : 419 
Skip--AssignTo is empty in Sheet name: NRE_ECC_CPL, Task name: setup uvm_environment for compiler & run regression with all testcases, Line : 425 
Skip--AssignTo is empty in Sheet name: NRE_ECC_CPL, Task name: reduce testcases to run compilter regression, Line : 426 
Skip--AssignTo is empty in Sheet name: NRE_ECC_CPL, Task name: QA compiler (with encrypted RTL generated from compiler), Line : 449 
Skip--Start date or End date is empty in Sheet name: NRE_ECC_CPL, Task name: Compiler enviroment verification, Line : 450 
Skip--Start date or End date is empty in Sheet name: NRE_ECC_CPL, Task name: Compiler CONFORMAL LEC, Line : 456 
Skip--AssignTo is empty in Sheet name: NRE_ECC_CPL, Task name: NaN, Line : 504 
Skip--AssignTo is empty in Sheet name: NRE_ECC_CPL, Task name: NaN, Line : 505 
Skip--AssignTo is empty in Sheet name: NRE_ECC_CPL, Task name: NaN, Line : 506 
Skip--AssignTo is empty in Sheet name: NRE_ECC_CPL, Task name: NaN, Line : 507 
Skip--AssignTo is empty in Sheet name: NRE_ECC_CPL, Task name: NaN, Line : 508 
Skip--AssignTo is empty in Sheet name: NRE_ECC_CPL, Task name: NaN, Line : 509 
Skip--AssignTo is empty in Sheet name: NRE_ECC_CPL, Task name: Regression on list Q0 (6348 instances), Line : 510 
Skip--Start date or End date is empty in Sheet name: NRE_ECC_CPL, Task name: irun list0, Line : 511 
Skip--AssignTo is empty in Sheet name: NRE_ECC_CPL, Task name: NaN, Line : 512 
Skip--AssignTo is empty in Sheet name: NRE_ECC_CPL, Task name: NaN, Line : 513 
Skip--AssignTo is empty in Sheet name: NRE_ECC_CPL, Task name: NaN, Line : 514 
Skip--AssignTo is empty in Sheet name: NRE_ECC_CPL, Task name: NaN, Line : 515 
Skip--AssignTo is empty in Sheet name: NRE_ECC_CPL, Task name: NaN, Line : 517 
Skip--AssignTo is empty in Sheet name: NRE_ECC_CPL, Task name: T0, Line : 574 
Skip--AssignTo is empty in Sheet name: NRE_ECC_CPL, Task name: GUC send new TCAM spec/model, Line : 575 
Skip--AssignTo is empty in Sheet name: NRE_ECC_CPL, Task name: Direct vector (5/8 vectors), Line : 586 
Skip--AssignTo is empty in Sheet name: NRE_ECC_CPL, Task name: GUC provide top RTL, TCAM model (if updated) and chip-level testbench to SVI (expected: T0+4w), Line : 601 
Skip--AssignTo is empty in Sheet name: NRE_ECC_CPL, Task name: Updated direct test vector at top level test chip, Line : 603 
Skip--AssignTo is empty in Sheet name: NRE_ECC_CPL, Task name: LEC, Line : 607 
Skip--AssignTo is empty in Sheet name: NRE_ECC_CPL, Task name: Run regression, Line : 615 
Skip--AssignTo is empty in Sheet name: NRE_ECC_CPL, Task name: NaN, Line : 616 
