Skip--AssignTo is empty in Sheet name: NRE_s002, Task name: NaN, Line : 7 
Skip--Start date or End date is empty in Sheet name: NRE_s002, Task name: Support Corsair to define the new outline for the thermal pad, Line : 100 
Skip--Start date or End date is empty in Sheet name: NRE_s002, Task name: v0.5 (N/A), Line : 126 
Skip--Start date or End date is empty in Sheet name: NRE_s002, Task name: v1.0 (N/A), Line : 127 
Skip--AssignTo is empty in Sheet name: NRE_s002, Task name: NaN, Line : 141 
Skip--AssignTo is empty in Sheet name: NRE_s002, Task name: V0.5, Line : 146 
Skip--AssignTo is empty in Sheet name: NRE_s002, Task name: V1.0, Line : 147 
Skip--AssignTo is empty in Sheet name: NRE_s002, Task name: Check overall, clean up silk, physical, fab., Line : 151 
Skip--AssignTo is empty in Sheet name: NRE_s002, Task name: Generate gerber file and check. Make report final, Line : 152 
Skip--AssignTo is empty in Sheet name: NRE_s002, Task name: Check overall and generate BoM, Line : 153 
Skip--AssignTo is empty in Sheet name: NRE_s002, Task name: V0.5, Line : 154 
Skip--AssignTo is empty in Sheet name: NRE_s002, Task name: Final design and released package, Line : 156 
Skip--AssignTo is empty in Sheet name: NRE_s002, Task name: V1.0(N/A), Line : 171 
Skip--AssignTo is empty in Sheet name: NRE_s002, Task name: V0.5, Line : 198 
Skip--AssignTo is empty in Sheet name: NRE_s002, Task name: V1.0, Line : 199 
Skip--AssignTo is empty in Sheet name: NRE_s002, Task name: V0.5, Line : 205 
Skip--AssignTo is empty in Sheet name: NRE_s002, Task name: SI ( Not include), Line : 208 
Skip--Start date or End date is empty in Sheet name: NRE_s002, Task name: V1.0, Line : 247 
Skip--AssignTo is empty in Sheet name: NRE_s002, Task name: SI (Not include), Line : 273 
Skip--AssignTo is empty in Sheet name: NRE_s002, Task name: CA, Line : 278 
Skip--AssignTo is empty in Sheet name: NRE_s002, Task name: CTRL, Line : 279 
Skip--AssignTo is empty in Sheet name: NRE_s002, Task name: DQ, Line : 280 
Skip--AssignTo is empty in Sheet name: NRE_s002, Task name: CA, Line : 282 
Skip--AssignTo is empty in Sheet name: NRE_s002, Task name: CTRL, Line : 283 
Skip--AssignTo is empty in Sheet name: NRE_s002, Task name: DQ, Line : 284 
Skip--AssignTo is empty in Sheet name: NRE_s002, Task name: all CA, Line : 286 
Skip--AssignTo is empty in Sheet name: NRE_s002, Task name: all CTRL, Line : 287 
Skip--AssignTo is empty in Sheet name: NRE_s002, Task name: all DQ, Line : 288 
Skip--AssignTo is empty in Sheet name: NRE_s002, Task name: Design Review, Line : 290 
Skip--AssignTo is empty in Sheet name: NRE_s002, Task name: Re-build RC_B2 schematic design by Orcad tool.(wait for server setting up), Line : 292 
Skip--AssignTo is empty in Sheet name: NRE_s002, Task name: Make schedule for 2 designs ( RC_B2_Dev and Dev_Board), Line : 295 
Skip--AssignTo is empty in Sheet name: NRE_s002, Task name: Check PHYSICAL and ELECTRICAL constraint and apply rules to the board., Line : 296 
Skip--AssignTo is empty in Sheet name: NRE_s002, Task name: Check the matching of DRAM layout between RC_B2 and Kopis2R, Line : 297 
Skip--AssignTo is empty in Sheet name: NRE_s002, Task name: Check stack up of RC_B2 and update stack up of Kopis2R to RC_B2., Line : 298 
Skip--AssignTo is empty in Sheet name: NRE_s002, Task name: If layout is same (or approximate same), copy, clean up, optimize stups length, Line : 299 
Skip--AssignTo is empty in Sheet name: NRE_s002, Task name: Check target impedance of CA - CTRL - DQ net to match to Kopis2R, Line : 300 
Skip--AssignTo is empty in Sheet name: NRE_s002, Task name: Check overall ( stack up, impedance, ... ) and ready to SI step, Line : 301 
Skip--AssignTo is empty in Sheet name: NRE_s002, Task name: Setting up (by manual) the constraints rule to the design and get feedback of SI request, Line : 302 
Skip--AssignTo is empty in Sheet name: NRE_s002, Task name: NaN, Line : 303 
Skip--AssignTo is empty in Sheet name: NRE_s002, Task name: V0.5, Line : 304 
Skip--AssignTo is empty in Sheet name: NRE_s002, Task name: Change per the SI request, Line : 305 
Skip--AssignTo is empty in Sheet name: NRE_s002, Task name: Edit the res value and update to BoM. Double check, Line : 307 
Skip--AssignTo is empty in Sheet name: NRE_s002, Task name: Clean up and double check all DRCs on design, Line : 308 
Skip--AssignTo is empty in Sheet name: NRE_s002, Task name: Create fab note and generate gerber file, release files, Line : 309 
Skip--AssignTo is empty in Sheet name: NRE_s002, Task name: Check overall and QA released package, Line : 310 
Skip--AssignTo is empty in Sheet name: NRE_s002, Task name: NaN, Line : 312 
Skip--Start date or End date is empty in Sheet name: NRE_s002, Task name: all CA, Line : 314 
Skip--Start date or End date is empty in Sheet name: NRE_s002, Task name: all CTRL, Line : 315 
Skip--Start date or End date is empty in Sheet name: NRE_s002, Task name: all DQ, Line : 316 
Skip--Start date or End date is empty in Sheet name: NRE_s002, Task name: Design Review, Line : 317 
Skip--AssignTo is empty in Sheet name: NRE_s002, Task name: V0.5, Line : 326 
Skip--AssignTo is empty in Sheet name: NRE_s002, Task name: NaN, Line : 337 
Skip--AssignTo is empty in Sheet name: NRE_s002, Task name: NaN, Line : 340 
Skip--Start date or End date is empty in Sheet name: NRE_s002, Task name: Check overall and release package for new development projects, Line : 352 
Skip--AssignTo is empty in Sheet name: NRE_s002, Task name: NaN, Line : 367 
Skip--AssignTo is empty in Sheet name: NRE_s002, Task name: V0.5, Line : 389 
Skip--AssignTo is empty in Sheet name: NRE_s002, Task name: CA, Line : 411 
Skip--AssignTo is empty in Sheet name: NRE_s002, Task name: DQ, Line : 412 
Skip--AssignTo is empty in Sheet name: NRE_s002, Task name: Update layout per SI requires, Line : 426 
Skip--AssignTo is empty in Sheet name: NRE_s002, Task name: DQ performance improvement (stuff length tuning), Line : 469 
Skip--AssignTo is empty in Sheet name: NRE_s002, Task name: Stuff tunning, Line : 471 
Skip--AssignTo is empty in Sheet name: NRE_s002, Task name: Coupling reducing by adding more routing layers for CA (utilize gnd4 and split5), Line : 472 
Skip--AssignTo is empty in Sheet name: NRE_s002, Task name: NaN, Line : 473 
Skip--AssignTo is empty in Sheet name: NRE_s002, Task name: NaN, Line : 488 
Skip--Start date or End date is empty in Sheet name: NRE_s002, Task name: Check why the A14 has too big Top stuff length, Line : 494 
Skip--Start date or End date is empty in Sheet name: NRE_s002, Task name: Compare the performance of Kopis2R_B2 with CMK2R_B2_rev1, CMK2R_B2_rev2 and Kopis2R_B1, Line : 495 
Skip--Start date or End date is empty in Sheet name: NRE_s002, Task name: Summarize the layout/stackup difference between CMK2R_B1 and CMK2R_B2, Line : 496 
Skip--Start date or End date is empty in Sheet name: NRE_s002, Task name: For Kopis2R_B2, try to improve DQ trace performance (ringback margins) till end of April, Line : 497 
Skip--Start date or End date is empty in Sheet name: NRE_s002, Task name: Doing more run for trace at S3 layers referencing David's slide, Line : 498 
Skip--Start date or End date is empty in Sheet name: NRE_s002, Task name: NaN, Line : 499 
Skip--AssignTo is empty in Sheet name: NRE_s002, Task name: just tuning CA only, Line : 502 
Skip--AssignTo is empty in Sheet name: NRE_s002, Task name: keep GND layer as CMK2R, don't change DQ, Line : 503 
Skip--Start date or End date is empty in Sheet name: NRE_s002, Task name: Dong to extract CA constraint, Line : 505 
Skip--Start date or End date is empty in Sheet name: NRE_s002, Task name: Huynh to propose timing improvement by Apr 26, Line : 506 
Skip--Start date or End date is empty in Sheet name: NRE_s002, Task name: Dong to check in svn current version then import cmk netlist to current board, Line : 507 
Skip--AssignTo is empty in Sheet name: NRE_s002, Task name: NaN, Line : 508 
Skip--AssignTo is empty in Sheet name: NRE_s002, Task name: Work for CMK2R_B2_Rev4, Line : 510 
Skip--Start date or End date is empty in Sheet name: NRE_s002, Task name: Dong to prepare a slide to show all improved items for layout DR, Line : 512 
Skip--AssignTo is empty in Sheet name: NRE_s002, Task name: NaN, Line : 513 
Skip--AssignTo is empty in Sheet name: NRE_s002, Task name: NaN, Line : 514 
Skip--AssignTo is empty in Sheet name: NRE_s002, Task name: NaN, Line : 515 
Skip--AssignTo is empty in Sheet name: NRE_s002, Task name: NaN, Line : 516 
Skip--AssignTo is empty in Sheet name: NRE_s002, Task name: NaN, Line : 517 
Skip--AssignTo is empty in Sheet name: NRE_s002, Task name: Pre-layout, Line : 518 
Skip--AssignTo is empty in Sheet name: NRE_s002, Task name: Phase 1: prepare the finish setup simulations for single-trace and multi-traces, Line : 519 
Skip--AssignTo is empty in Sheet name: NRE_s002, Task name: Study PCB viewer tool, Line : 520 
Skip--AssignTo is empty in Sheet name: NRE_s002, Task name: Re-read document about SI mesuarement by hspice & waveview command, Line : 521 
Skip--AssignTo is empty in Sheet name: NRE_s002, Task name: Build CDF for Tline, pakage, connector, CA, DQ, CK, DQS model, Line : 522 
Skip--AssignTo is empty in Sheet name: NRE_s002, Task name: Build testbench for CA, CK_diff, DQ, DQS_diff (single line for CA, CK, DQ, DQS) & (3 line coupling CA) simulation, Line : 523 
Skip--AssignTo is empty in Sheet name: NRE_s002, Task name: Do simulation, measurement and make report file by script, Line : 524 
Skip--AssignTo is empty in Sheet name: NRE_s002, Task name: Do simulation & measurement for CA line, Line : 525 
Skip--AssignTo is empty in Sheet name: NRE_s002, Task name: Measure Eye Diagram parameters, Line : 526 
Skip--AssignTo is empty in Sheet name: NRE_s002, Task name: Do simulation, measurement for CK line, Line : 527 
Skip--AssignTo is empty in Sheet name: NRE_s002, Task name: Measure Eye Diagram parameters, Line : 528 
Skip--AssignTo is empty in Sheet name: NRE_s002, Task name: Do simulation & measurement for DQ line, Line : 529 
Skip--AssignTo is empty in Sheet name: NRE_s002, Task name: Measure Eye Diagram parameters, Line : 530 
Skip--AssignTo is empty in Sheet name: NRE_s002, Task name: Do simulation & measurement for DQS line, Line : 531 
Skip--AssignTo is empty in Sheet name: NRE_s002, Task name: Measure Eye Diagram parameters, Line : 532 
Skip--AssignTo is empty in Sheet name: NRE_s002, Task name: Update KOR material, Line : 533 
Skip--AssignTo is empty in Sheet name: NRE_s002, Task name: Group signals on base line designs (1 rank only for both Jedec and Vengeance), Line : 534 
Skip--AssignTo is empty in Sheet name: NRE_s002, Task name: Simulation matrix (including meas report plan), Line : 535 
Skip--AssignTo is empty in Sheet name: NRE_s002, Task name: Simulation for 1 ideal trace of all category (DQ, DQS, CA, CK), Line : 536 
Skip--AssignTo is empty in Sheet name: NRE_s002, Task name: Jedec (2.4Gbps, and 3.2Gbps), Line : 537 
Skip--AssignTo is empty in Sheet name: NRE_s002, Task name: Vengeance (2.4Gbps, 3.2Gbps, 4.33Gbps), Line : 538 
Skip--AssignTo is empty in Sheet name: NRE_s002, Task name: Simulation for extraction model for 1 trace which was picked in ideal simulation phase, Line : 539 
Skip--AssignTo is empty in Sheet name: NRE_s002, Task name: Study how to extract brd by Cadence Allegro PCB, Line : 540 
Skip--AssignTo is empty in Sheet name: NRE_s002, Task name: Study SI simulator of Cadence Allegro SI Systems, Line : 541 
Skip--AssignTo is empty in Sheet name: NRE_s002, Task name: Simulate for Jedec extracttion model (2.4Gbps, 3.2Gbps), Line : 542 
Skip--AssignTo is empty in Sheet name: NRE_s002, Task name: Simulate for Vengeance extracttion model (2.4Gbps, 3.2Gbps, 4.33Gbps), Line : 543 
Skip--AssignTo is empty in Sheet name: NRE_s002, Task name: Spice simulation with extraction brd (using current flow), Line : 544 
Skip--AssignTo is empty in Sheet name: NRE_s002, Task name: Phase 2: Simulate with requirements, Line : 545 
Skip--AssignTo is empty in Sheet name: NRE_s002, Task name: Do simulation, measurement with calibrating Z0 & length of requirement, Line : 546 
Skip--AssignTo is empty in Sheet name: NRE_s002, Task name: Do simulation & measurement for CA line, Line : 547 
Skip--AssignTo is empty in Sheet name: NRE_s002, Task name: Measure Eye Diagram parameters, Line : 548 
Skip--AssignTo is empty in Sheet name: NRE_s002, Task name: Do simulation, measurement for CK line, Line : 549 
Skip--AssignTo is empty in Sheet name: NRE_s002, Task name: Measure Eye Diagram parameters, Line : 550 
Skip--AssignTo is empty in Sheet name: NRE_s002, Task name: Do simulation & measurement for DQ line, Line : 551 
Skip--AssignTo is empty in Sheet name: NRE_s002, Task name: Measure Eye Diagram parameters, Line : 552 
Skip--AssignTo is empty in Sheet name: NRE_s002, Task name: Do simulation & measurement for DQS line, Line : 553 
Skip--AssignTo is empty in Sheet name: NRE_s002, Task name: Measure Eye Diagram parameters, Line : 554 
Skip--AssignTo is empty in Sheet name: NRE_s002, Task name: Post-Layout, Line : 555 
Skip--AssignTo is empty in Sheet name: NRE_s002, Task name: Layout DIMM ver1, Line : 556 
Skip--AssignTo is empty in Sheet name: NRE_s002, Task name: Verify with DIMM layout extraction ver1, Line : 557 
Skip--AssignTo is empty in Sheet name: NRE_s002, Task name: Layout DIMM ver2, Line : 558 
Skip--AssignTo is empty in Sheet name: NRE_s002, Task name: Verify with DIMM layout extraction ver2, Line : 559 
Skip--AssignTo is empty in Sheet name: NRE_s002, Task name: Pre-layout, Line : 560 
Skip--AssignTo is empty in Sheet name: NRE_s002, Task name: Build testbench for CA, CK_diff, DQ, DQS_diff simulation, Line : 561 
Skip--AssignTo is empty in Sheet name: NRE_s002, Task name: Do simulation, measurement with calibrating Z0, Line : 562 
Skip--AssignTo is empty in Sheet name: NRE_s002, Task name: Post-Layout, Line : 563 
Skip--AssignTo is empty in Sheet name: NRE_s002, Task name: Layout DIMM ver1, Line : 564 
Skip--AssignTo is empty in Sheet name: NRE_s002, Task name: Verify with DIMM layout extraction ver1, Line : 565 
Skip--AssignTo is empty in Sheet name: NRE_s002, Task name: Layout DIMM ver2, Line : 566 
Skip--AssignTo is empty in Sheet name: NRE_s002, Task name: Verify with DIMM layout extraction ver2, Line : 567 
Skip--AssignTo is empty in Sheet name: NRE_s002, Task name: The setup must cover the multi trace, Line : 568 
Skip--AssignTo is empty in Sheet name: NRE_s002, Task name: Back up for feedback from SI or others., Line : 570 
Skip--AssignTo is empty in Sheet name: NRE_s002, Task name: Generate and check gerber. Create and check package released., Line : 571 
Skip--AssignTo is empty in Sheet name: NRE_s002, Task name: NaN, Line : 573 
Skip--AssignTo is empty in Sheet name: NRE_s002, Task name: NaN, Line : 574 
Skip--AssignTo is empty in Sheet name: NRE_s002, Task name: NaN, Line : 575 
Skip--AssignTo is empty in Sheet name: NRE_s002, Task name: NaN, Line : 576 
Skip--AssignTo is empty in Sheet name: NRE_s002, Task name: Building skill scripts to execute the QA checklist automatically, Line : 579 
Skip--AssignTo is empty in Sheet name: NRE_s002, Task name: Check overview the matching between netlist re-drawing  versus netlist current board (On processing
), Line : 581 
Skip--AssignTo is empty in Sheet name: NRE_s002, Task name: Check (compare) netlist between Original PCB and Re-design PCB (On processing and debug), Line : 582 
Skip--AssignTo is empty in Sheet name: NRE_s002, Task name: Check LED netlist between Original PCB and Re-design PCB (Not yet), Line : 583 
Skip--AssignTo is empty in Sheet name: NRE_s002, Task name: Check Component properties (refdes; DeviceType; Value; xy location)  (Not yet), Line : 584 
Skip--AssignTo is empty in Sheet name: NRE_s002, Task name: Check BOM file ( NI; TBD; NC parts are noted to xlsx file) (Finished, Continue improved), Line : 585 
Skip--AssignTo is empty in Sheet name: NRE_s002, Task name: Check versus of latest version .brd and .sch file (LVS checking)  (Not yet), Line : 586 
Skip--AssignTo is empty in Sheet name: NRE_s002, Task name: Check missing assembly, refdes of part (On processing), Line : 587 
Skip--AssignTo is empty in Sheet name: NRE_s002, Task name: Check package release (Finished), Line : 588 
Skip--AssignTo is empty in Sheet name: NRE_s002, Task name: Check all component height, Line : 589 
Skip--AssignTo is empty in Sheet name: NRE_s002, Task name: Check any Component Changes Between 2 Boards (Finished. continue improved)), Line : 590 
Skip--AssignTo is empty in Sheet name: NRE_s002, Task name: NaN, Line : 591 
Skip--Start date or End date is empty in Sheet name: NRE_s002, Task name: Transmission Line Theory, Line : 594 
Skip--Start date or End date is empty in Sheet name: NRE_s002, Task name: Investigate some special cases (Tline length, Load Impedance, Source impedance) - use ideal compnent, Line : 595 
Skip--Start date or End date is empty in Sheet name: NRE_s002, Task name: Simulation for CK, CA, DQS, DQ single trace with Ideal load - use ideal component, Line : 596 
Skip--Start date or End date is empty in Sheet name: NRE_s002, Task name: Simulation CK, CA, DQS, DQ single trace with extraction - use Kopis board (simulation 100b), Line : 597 
Skip--Start date or End date is empty in Sheet name: NRE_s002, Task name: Transmission Line Theory, Line : 599 
Skip--Start date or End date is empty in Sheet name: NRE_s002, Task name: Investigate some special cases (Tline length, Load Impedance, Source impedance) - use ideal compnent, Line : 600 
Skip--Start date or End date is empty in Sheet name: NRE_s002, Task name: Simulation for CK, CA, DQS, DQ single trace with Ideal load - use ideal component, Line : 601 
Skip--Start date or End date is empty in Sheet name: NRE_s002, Task name: Simulation CK, CA, DQS, DQ single trace with extraction - use Kopis board (simulation 100b), Line : 602 
Skip--AssignTo is empty in Sheet name: NRE_s002, Task name: Hung to check the feasibility of new thickness, Line : 604 
Skip--AssignTo is empty in Sheet name: NRE_s002, Task name: Cong to plan SI training task for Loc, Line : 605 
Skip--Start date or End date is empty in Sheet name: NRE_s002, Task name: Transmission Line Theory, Line : 607 
Skip--Start date or End date is empty in Sheet name: NRE_s002, Task name: Investigate some special cases (Tline length, Load Impedance, Source impedance) - use ideal compnent, Line : 608 
Skip--Start date or End date is empty in Sheet name: NRE_s002, Task name: Simulation for CK, CA, DQS, DQ single trace with Ideal load - use ideal component, Line : 609 
Skip--Start date or End date is empty in Sheet name: NRE_s002, Task name: Simulation CK, CA, DQS, DQ single trace with extraction - use Kopis board (simulation 100b), Line : 610 
Skip--Start date or End date is empty in Sheet name: NRE_s002, Task name: Simulation CK, CA, DQS, DQ multi trace with extraction - use Kopis board (simulation 100b), Line : 611 
Skip--AssignTo is empty in Sheet name: NRE_s002, Task name: NaN, Line : 612 
Skip--AssignTo is empty in Sheet name: NRE_s002, Task name: NaN, Line : 613 
Skip--AssignTo is empty in Sheet name: NRE_s002, Task name: NaN, Line : 614 
Skip--AssignTo is empty in Sheet name: NRE_s002, Task name: NaN, Line : 615 
Skip--AssignTo is empty in Sheet name: NRE_s002, Task name: NaN, Line : 616 
Skip--AssignTo is empty in Sheet name: NRE_s002, Task name: NaN, Line : 617 
Skip--AssignTo is empty in Sheet name: NRE_s002, Task name: NaN, Line : 618 
Skip--AssignTo is empty in Sheet name: NRE_s002, Task name: NaN, Line : 619 
Skip--AssignTo is empty in Sheet name: NRE_s002, Task name: Import the latest netlist into PCB and view log, Line : 621 
Skip--AssignTo is empty in Sheet name: NRE_s002, Task name: Using Streams Netlist Compare( You can compared netlist with the  gerber file), Line : 622 
Skip--AssignTo is empty in Sheet name: NRE_s002, Task name: Compare BOM file, Line : 623 
Skip--AssignTo is empty in Sheet name: NRE_s002, Task name: NaN, Line : 624 
Skip--AssignTo is empty in Sheet name: NRE_s002, Task name: Check_hight, Line : 627 
Skip--AssignTo is empty in Sheet name: NRE_s002, Task name: Check cline/shape change, Line : 628 
Skip--AssignTo is empty in Sheet name: NRE_s002, Task name: Check component change, Line : 629 
Skip--AssignTo is empty in Sheet name: NRE_s002, Task name: Check EMI, Line : 630 
Skip--AssignTo is empty in Sheet name: NRE_s002, Task name: Check pin, Line : 631 
Skip--AssignTo is empty in Sheet name: NRE_s002, Task name: Check text on board, Line : 632 
Skip--AssignTo is empty in Sheet name: NRE_s002, Task name: Check short, Line : 634 
Skip--AssignTo is empty in Sheet name: NRE_s002, Task name: Check cline, Line : 635 
Skip--AssignTo is empty in Sheet name: NRE_s002, Task name: Check Loop Net, Line : 636 
Skip--AssignTo is empty in Sheet name: NRE_s002, Task name: Check via, Line : 637 
Skip--AssignTo is empty in Sheet name: NRE_s002, Task name: Check copper balance, Line : 638 
Skip--AssignTo is empty in Sheet name: NRE_s002, Task name: Check drill, Line : 639 
Skip--AssignTo is empty in Sheet name: NRE_s002, Task name: Check Xtalk, Line : 640 
Skip--AssignTo is empty in Sheet name: NRE_s002, Task name: Report net/diffpair/pin-pin, Line : 641 
Skip--AssignTo is empty in Sheet name: NRE_s002, Task name: Check danling line,via and delete quickly, Line : 642 
Skip--AssignTo is empty in Sheet name: NRE_s002, Task name: Check Cross-segmentation, Line : 643 
Skip--AssignTo is empty in Sheet name: NRE_s002, Task name: NaN, Line : 644 
Skip--AssignTo is empty in Sheet name: NRE_s002, Task name: Use speadsheet estimate power consumptions or Polar  Si9000, Line : 646 
Skip--AssignTo is empty in Sheet name: NRE_s002, Task name: Check via count, Line : 647 
Skip--AssignTo is empty in Sheet name: NRE_s002, Task name: Find/Add Refdes missmatch on ASS and SILK TOP/BOT, Line : 649 
Skip--AssignTo is empty in Sheet name: NRE_s002, Task name: Check size silk/Ass, Line : 650 
Skip--AssignTo is empty in Sheet name: NRE_s002, Task name: Check overlap silk/Ass, Line : 651 
Skip--AssignTo is empty in Sheet name: NRE_s002, Task name: Fabrication Drawing, Line : 652 
Skip--AssignTo is empty in Sheet name: NRE_s002, Task name: Check short/ open by CAMCAD350, Line : 654 
Skip--AssignTo is empty in Sheet name: NRE_s002, Task name: Check netlist comparision on CAM 350, Line : 655 
