Skip--AssignTo is empty in Sheet name: NRE_S023, Task name: NOTE: Each project is scheduled by DM or Project leader. 
The schedule need to plan into delivery milestones.
Each member who has assigned tasks need to update % COMPLETE every week.
Start Date / End Date will  be locked after DM confirmed the schedule and PM committed to Customer.
Any change on End Date, DM and PM need to be discussed., Line : 1 
Skip--AssignTo is empty in Sheet name: NRE_S023, Task name: 2nd Release package (the date which committed to Customer), Line : 4 
Skip--AssignTo is empty in Sheet name: NRE_S023, Task name: 3rd Release package (the date which committed to Customer, Line : 5 
Skip--AssignTo is empty in Sheet name: NRE_S023, Task name: io2c_odd, Line : 18 
Skip--AssignTo is empty in Sheet name: NRE_S023, Task name: io2c_even, Line : 19 
Skip--AssignTo is empty in Sheet name: NRE_S023, Task name: io_refcol, Line : 20 
Skip--AssignTo is empty in Sheet name: NRE_S023, Task name: rwrow11a2d, Line : 22 
Skip--AssignTo is empty in Sheet name: NRE_S023, Task name: rwrow11a2d_r, Line : 23 
Skip--AssignTo is empty in Sheet name: NRE_S023, Task name: rwrow_ref_read, Line : 24 
Skip--AssignTo is empty in Sheet name: NRE_S023, Task name: mcell, Line : 26 
Skip--AssignTo is empty in Sheet name: NRE_S023, Task name: refrow_cmp, Line : 27 
Skip--AssignTo is empty in Sheet name: NRE_S023, Task name: refrow_read, Line : 28 
Skip--AssignTo is empty in Sheet name: NRE_S023, Task name: lrdwr, Line : 29 
Skip--AssignTo is empty in Sheet name: NRE_S023, Task name: lcmp, Line : 30 
Skip--AssignTo is empty in Sheet name: NRE_S023, Task name: refcol_ld, Line : 31 
Skip--AssignTo is empty in Sheet name: NRE_S023, Task name: CTL, Line : 32 
Skip--AssignTo is empty in Sheet name: NRE_S023, Task name: cmprow2r_odd, Line : 34 
Skip--AssignTo is empty in Sheet name: NRE_S023, Task name: cmprow2r_even, Line : 35 
Skip--AssignTo is empty in Sheet name: NRE_S023, Task name: cmprow_ref_read, Line : 36 
Skip--AssignTo is empty in Sheet name: NRE_S023, Task name: PRI, Line : 37 
Skip--AssignTo is empty in Sheet name: NRE_S023, Task name: henc10a, Line : 39 
Skip--AssignTo is empty in Sheet name: NRE_S023, Task name: Generate lef for 5 instances, Line : 40 
Skip--AssignTo is empty in Sheet name: NRE_S023, Task name: io_edge, Line : 55 
Skip--AssignTo is empty in Sheet name: NRE_S023, Task name: io_edge_end, Line : 56 
Skip--AssignTo is empty in Sheet name: NRE_S023, Task name: io_edge2m, Line : 57 
Skip--AssignTo is empty in Sheet name: NRE_S023, Task name: ioctl, Line : 58 
Skip--AssignTo is empty in Sheet name: NRE_S023, Task name: rwrowctl, Line : 60 
Skip--AssignTo is empty in Sheet name: NRE_S023, Task name: rwrow_repeater, Line : 61 
Skip--AssignTo is empty in Sheet name: NRE_S023, Task name: rwrow_edge, Line : 62 
Skip--AssignTo is empty in Sheet name: NRE_S023, Task name: lcmpctl, Line : 64 
Skip--AssignTo is empty in Sheet name: NRE_S023, Task name: refrow_cmp_gap, Line : 65 
Skip--AssignTo is empty in Sheet name: NRE_S023, Task name: refrow_read_gap, Line : 66 
Skip--AssignTo is empty in Sheet name: NRE_S023, Task name: refrow_cmp_pd, Line : 67 
Skip--AssignTo is empty in Sheet name: NRE_S023, Task name: refcol_pd, Line : 68 
Skip--AssignTo is empty in Sheet name: NRE_S023, Task name: lcmp_repeater, Line : 69 
Skip--AssignTo is empty in Sheet name: NRE_S023, Task name: mcell_repeater, Line : 70 
Skip--AssignTo is empty in Sheet name: NRE_S023, Task name: mcell_v_edge, Line : 71 
Skip--AssignTo is empty in Sheet name: NRE_S023, Task name: mcell_h_edge, Line : 72 
Skip--AssignTo is empty in Sheet name: NRE_S023, Task name: RWCTL, Line : 74 
Skip--AssignTo is empty in Sheet name: NRE_S023, Task name: CCTL, Line : 75 
Skip--AssignTo is empty in Sheet name: NRE_S023, Task name: PECTL, Line : 76 
Skip--AssignTo is empty in Sheet name: NRE_S023, Task name: cmprow_edge, Line : 78 
Skip--AssignTo is empty in Sheet name: NRE_S023, Task name: cmprow_repeater, Line : 79 
Skip--AssignTo is empty in Sheet name: NRE_S023, Task name: pri32, Line : 81 
Skip--AssignTo is empty in Sheet name: NRE_S023, Task name: prictl, Line : 82 
Skip--AssignTo is empty in Sheet name: NRE_S023, Task name: pri_edge, Line : 83 
Skip--AssignTo is empty in Sheet name: NRE_S023, Task name: romctl, Line : 85 
Skip--AssignTo is empty in Sheet name: NRE_S023, Task name: henc_edge, Line : 86 
Skip--AssignTo is empty in Sheet name: NRE_S023, Task name: Clean top DRC/LVS instance 512x160, Line : 87 
Skip--Allocation is empty in Sheet name: NRE_S023, Task name: Hung to create proposal for compiler regression, Line : 169 
Skip--AssignTo is empty in Sheet name: NRE_S023, Task name: Hung to calculation license, Line : 170 
Skip--AssignTo is empty in Sheet name: NRE_S023, Task name: Plan & milestone for front-end compiler, Line : 171 
