Skip--AssignTo is empty in Sheet name: NRE_S030, Task name: NaN, Line : 1 
Skip--AssignTo is empty in Sheet name: NRE_S030, Task name: FA5D69_analog2v, Line : 32 
Skip--AssignTo is empty in Sheet name: NRE_S030, Task name: FA5D69_logic_io, Line : 33 
Skip--AssignTo is empty in Sheet name: NRE_S030, Task name: FA5D69001AA, Line : 34 
Skip--AssignTo is empty in Sheet name: NRE_S030, Task name: NaN, Line : 35 
Skip--AssignTo is empty in Sheet name: NRE_S030, Task name: NaN, Line : 36 
Skip--AssignTo is empty in Sheet name: NRE_S030, Task name: NaN, Line : 37 
Skip--AssignTo is empty in Sheet name: NRE_S030, Task name: NaN, Line : 38 
Skip--AssignTo is empty in Sheet name: NRE_S030, Task name: NaN, Line : 39 
Skip--AssignTo is empty in Sheet name: NRE_S030, Task name: NaN, Line : 40 
Skip--AssignTo is empty in Sheet name: NRE_S030, Task name: NaN, Line : 41 
Skip--Start date or End date is empty in Sheet name: NRE_S030, Task name: SoW is modification of full-chip level without PnR, Line : 44 
Skip--AssignTo is empty in Sheet name: NRE_S030, Task name: Nuvoton will provide top level floorplan, Line : 45 
Skip--AssignTo is empty in Sheet name: NRE_S030, Task name: SVI layout team will start from Apr 24, may need more layout member depends on the number of required blocks, Line : 46 
Skip--AssignTo is empty in Sheet name: NRE_S030, Task name: Tape-out is about middle of June, Line : 47 
Skip--AssignTo is empty in Sheet name: NRE_S030, Task name: Loc to investigate the provided database and feedback if any next week, Line : 48 
Skip--AssignTo is empty in Sheet name: NRE_S030, Task name: Don will send schematic data on Apr 19, Line : 50 
Skip--AssignTo is empty in Sheet name: NRE_S030, Task name: Van to update the holidays schedule in May, Line : 51 
Skip--Start date or End date is empty in Sheet name: NRE_S030, Task name: Loc to arrange 1 more layout resource for coming cell list sent from Don, Line : 53 
Skip--AssignTo is empty in Sheet name: NRE_S030, Task name: Don will send metro lib, Line : 54 
Skip--AssignTo is empty in Sheet name: NRE_S030, Task name: Loc to check if there is 1 additional LAY resource join this proj from next week, Line : 56 
Skip--AssignTo is empty in Sheet name: NRE_S030, Task name: Don will send the remaining cell list for schedule and resource planning, Line : 57 
