Skip--AssignTo is empty in Sheet name: RnD_N16_2PTCAM, Task name: NOTE: Each project is scheduled by DM or Project leader. 
The schedule need to plan into delivery milestones.
Each member who has assigned tasks need to update % COMPLETE every week.
Start Date / End Date will  be locked after DM confirmed the schedule and PM committed to Customer.
Any change on End Date, DM and PM need to be discussed., Line : 1 
Skip--Start date or End date is empty in Sheet name: RnD_N16_2PTCAM, Task name: 1st Release package (the date which committed to Customer), Line : 3 
Skip--AssignTo is empty in Sheet name: RnD_N16_2PTCAM, Task name: 2nd Release package (the date which committed to Customer), Line : 4 
Skip--AssignTo is empty in Sheet name: RnD_N16_2PTCAM, Task name: 3rd Release package (the date which committed to Customer, Line : 5 
Skip--Start date or End date is empty in Sheet name: RnD_N16_2PTCAM, Task name: lib v0p1, Line : 8 
Skip--Start date or End date is empty in Sheet name: RnD_N16_2PTCAM, Task name: lef v0p1, Line : 9 
Skip--Start date or End date is empty in Sheet name: RnD_N16_2PTCAM, Task name: verilog v0p1, Line : 10 
Skip--Start date or End date is empty in Sheet name: RnD_N16_2PTCAM, Task name: Circuit task 01, Line : 12 
Skip--Start date or End date is empty in Sheet name: RnD_N16_2PTCAM, Task name: Circuit task 02, Line : 13 
Skip--Start date or End date is empty in Sheet name: RnD_N16_2PTCAM, Task name: Circuit task 03, Line : 14 
Skip--Start date or End date is empty in Sheet name: RnD_N16_2PTCAM, Task name: Layout 01, Line : 16 
Skip--Start date or End date is empty in Sheet name: RnD_N16_2PTCAM, Task name: Layout 02, Line : 17 
Skip--Start date or End date is empty in Sheet name: RnD_N16_2PTCAM, Task name: Behavior model 01, Line : 19 
Skip--Start date or End date is empty in Sheet name: RnD_N16_2PTCAM, Task name: Behavior model 02, Line : 20 
Skip--Start date or End date is empty in Sheet name: RnD_N16_2PTCAM, Task name: Design Review v0p1, Line : 21 
Skip--Start date or End date is empty in Sheet name: RnD_N16_2PTCAM, Task name: lib v0p5, Line : 24 
Skip--Start date or End date is empty in Sheet name: RnD_N16_2PTCAM, Task name: lef v0p5, Line : 25 
Skip--Start date or End date is empty in Sheet name: RnD_N16_2PTCAM, Task name: verilog v0p5, Line : 26 
Skip--Start date or End date is empty in Sheet name: RnD_N16_2PTCAM, Task name: Circuit task 01, Line : 28 
Skip--Start date or End date is empty in Sheet name: RnD_N16_2PTCAM, Task name: Circuit task 02, Line : 29 
Skip--AssignTo is empty in Sheet name: RnD_N16_2PTCAM, Task name: Circuit task 03, Line : 30 
Skip--Start date or End date is empty in Sheet name: RnD_N16_2PTCAM, Task name: Layout 01, Line : 32 
Skip--AssignTo is empty in Sheet name: RnD_N16_2PTCAM, Task name: Layout 02, Line : 33 
Skip--Start date or End date is empty in Sheet name: RnD_N16_2PTCAM, Task name: Behavior model 01, Line : 35 
Skip--Start date or End date is empty in Sheet name: RnD_N16_2PTCAM, Task name: Behavior model 02, Line : 36 
Skip--Start date or End date is empty in Sheet name: RnD_N16_2PTCAM, Task name: Design Review v0p5, Line : 37 
Skip--Start date or End date is empty in Sheet name: RnD_N16_2PTCAM, Task name: Circuit task 01, Line : 44 
Skip--Start date or End date is empty in Sheet name: RnD_N16_2PTCAM, Task name: Circuit task 02, Line : 45 
Skip--Start date or End date is empty in Sheet name: RnD_N16_2PTCAM, Task name: Circuit task 03, Line : 46 
Skip--Start date or End date is empty in Sheet name: RnD_N16_2PTCAM, Task name: Layout 01, Line : 48 
Skip--AssignTo is empty in Sheet name: RnD_N16_2PTCAM, Task name: Layout 02, Line : 49 
Skip--Start date or End date is empty in Sheet name: RnD_N16_2PTCAM, Task name: Behavior model 01, Line : 51 
Skip--Start date or End date is empty in Sheet name: RnD_N16_2PTCAM, Task name: Behavior model 02, Line : 52 
Skip--AssignTo is empty in Sheet name: RnD_N16_2PTCAM, Task name: NaN, Line : 54 
Skip--AssignTo is empty in Sheet name: RnD_N16_2PTCAM, Task name: NaN, Line : 55 
Skip--AssignTo is empty in Sheet name: RnD_N16_2PTCAM, Task name: NaN, Line : 56 
Skip--Start date or End date is empty in Sheet name: RnD_N16_2PTCAM, Task name: AIs, Line : 59 
