Skip--AssignTo is empty in Sheet name: RnD_CAD, Task name: NaN, Line : 1 
Skip--AssignTo is empty in Sheet name: RnD_CAD, Task name: Start, Line : 3 
Skip--AssignTo is empty in Sheet name: RnD_CAD, Task name: New Year Vacation, Line : 29 
Skip--AssignTo is empty in Sheet name: RnD_CAD, Task name: NaN, Line : 43 
Skip--AssignTo is empty in Sheet name: RnD_CAD, Task name: NaN, Line : 53 
Skip--Start date or End date is empty in Sheet name: RnD_CAD, Task name: How to deploy, config, Line : 69 
Skip--Start date or End date is empty in Sheet name: RnD_CAD, Task name: Pass/get param from URL, Line : 70 
Skip--Start date or End date is empty in Sheet name: RnD_CAD, Task name: POST/GET, Line : 71 
Skip--Start date or End date is empty in Sheet name: RnD_CAD, Task name: Call and get data from MYSQL, Line : 72 
Skip--AssignTo is empty in Sheet name: RnD_CAD, Task name: Starting, Line : 80 
Skip--AssignTo is empty in Sheet name: RnD_CAD, Task name: NaN, Line : 147 
Skip--AssignTo is empty in Sheet name: RnD_CAD, Task name: NaN, Line : 212 
Skip--AssignTo is empty in Sheet name: RnD_CAD, Task name: Test coverage, Line : 213 
Skip--AssignTo is empty in Sheet name: RnD_CAD, Task name: Documentation, flow, database preparation, Line : 217 
Skip--AssignTo is empty in Sheet name: RnD_CAD, Task name: NaN, Line : 232 
Skip--AssignTo is empty in Sheet name: RnD_CAD, Task name: NaN, Line : 233 
Skip--AssignTo is empty in Sheet name: RnD_CAD, Task name: Requirement, Line : 235 
Skip--Start date or End date is empty in Sheet name: RnD_CAD, Task name: Open file/folder on click, Line : 263 
Skip--Start date or End date is empty in Sheet name: RnD_CAD, Task name: Create Options button to 'Filter by assignee/ all' to show only specified incidents, Line : 280 
Skip--Start date or End date is empty in Sheet name: RnD_CAD, Task name: Create  option button to show / hide columns, Line : 281 
Skip--Start date or End date is empty in Sheet name: RnD_CAD, Task name: Optional button to "filter by item", Line : 283 
Skip--Start date or End date is empty in Sheet name: RnD_CAD, Task name: Optional button to "filter by Date", Line : 284 
Skip--Start date or End date is empty in Sheet name: RnD_CAD, Task name: Optional button to "filter by User", Line : 285 
Skip--AssignTo is empty in Sheet name: RnD_CAD, Task name: NaN, Line : 318 
Skip--AssignTo is empty in Sheet name: RnD_CAD, Task name: NaN, Line : 340 
Skip--AssignTo is empty in Sheet name: RnD_CAD, Task name: Testing, Line : 341 
Skip--AssignTo is empty in Sheet name: RnD_CAD, Task name: Deployment + Integration, Line : 342 
Skip--AssignTo is empty in Sheet name: RnD_CAD, Task name: Maintenance, Line : 343 
Skip--AssignTo is empty in Sheet name: RnD_CAD, Task name: NaN, Line : 344 
Skip--AssignTo is empty in Sheet name: RnD_CAD, Task name: NaN, Line : 346 
Skip--AssignTo is empty in Sheet name: RnD_CAD, Task name: NaN, Line : 352 
Skip--AssignTo is empty in Sheet name: RnD_CAD, Task name: NaN, Line : 377 
Skip--AssignTo is empty in Sheet name: RnD_CAD, Task name: NaN, Line : 388 
Skip--AssignTo is empty in Sheet name: RnD_CAD, Task name: NaN, Line : 393 
Skip--AssignTo is empty in Sheet name: RnD_CAD, Task name: NaN, Line : 394 
Skip--AssignTo is empty in Sheet name: RnD_CAD, Task name: Check contact page, Line : 398 
Skip--AssignTo is empty in Sheet name: RnD_CAD, Task name: Change all password, Line : 399 
Skip--AssignTo is empty in Sheet name: RnD_CAD, Task name: Upgrade PHP, Line : 400 
Skip--AssignTo is empty in Sheet name: RnD_CAD, Task name: Follow all best practice to security the site (https://wpsecuritychecklist.org/items/), Line : 401 
Skip--AssignTo is empty in Sheet name: RnD_CAD, Task name: Sophos antivirus, Line : 402 
Skip--AssignTo is empty in Sheet name: RnD_CAD, Task name: TCL, Line : 410 
Skip--AssignTo is empty in Sheet name: RnD_CAD, Task name: Skill, Line : 411 
Skip--AssignTo is empty in Sheet name: RnD_CAD, Task name: NaN, Line : 412 
Skip--AssignTo is empty in Sheet name: RnD_CAD, Task name: NaN, Line : 413 
Skip--AssignTo is empty in Sheet name: RnD_CAD, Task name: Java, Line : 414 
Skip--AssignTo is empty in Sheet name: RnD_CAD, Task name: Linux/CShell, Line : 415 
Skip--AssignTo is empty in Sheet name: RnD_CAD, Task name: NaN, Line : 420 
Skip--AssignTo is empty in Sheet name: RnD_CAD, Task name: Created 2 keys: public key and privated key on OS, Line : 423 
Skip--AssignTo is empty in Sheet name: RnD_CAD, Task name: Encrypted and Decrypted files(txt, image,...) on OS, Line : 424 
Skip--AssignTo is empty in Sheet name: RnD_CAD, Task name: Created 2 keys: public key and privated key on Linux, Line : 425 
Skip--AssignTo is empty in Sheet name: RnD_CAD, Task name: Unittest and, Line : 427 
Skip--AssignTo is empty in Sheet name: RnD_CAD, Task name: Review document of FlexLM, Line : 429 
Skip--AssignTo is empty in Sheet name: RnD_CAD, Task name: Create test case + test with 3 host, Line : 430 
Skip--AssignTo is empty in Sheet name: RnD_CAD, Task name: Contact Cadence, Synopsys, Mentor to add slave host to license file, Line : 431 
