Skip--AssignTo is empty in Sheet name: RnD_P2P_BIST, Task name: NOTE: Each project is scheduled by DM or Project leader. 
The schedule need to plan into delivery milestones.
Each member who has assigned tasks need to update % COMPLETE every week.
Start Date / End Date will  be locked after DM confirmed the schedule and PM committed to Customer.
Any change on End Date, DM and PM need to be discussed., Line : 1 
Skip--Start date or End date is empty in Sheet name: RnD_P2P_BIST, Task name: Re-structure BIST to paralell testing for big P2P macro, Line : 3 
Skip--AssignTo is empty in Sheet name: RnD_P2P_BIST, Task name: Integrate the BIST data into compiler tool, Line : 4 
Skip--AssignTo is empty in Sheet name: RnD_P2P_BIST, Task name: BIST have the same flow/verification as ECC (UVM/LEC/Spyglass), Line : 5 
Skip--AssignTo is empty in Sheet name: RnD_P2P_BIST, Task name: Support behavior model PDP TCAM, Line : 6 
Skip--Start date or End date is empty in Sheet name: RnD_P2P_BIST, Task name: BIST specification v0p1, Line : 9 
Skip--Start date or End date is empty in Sheet name: RnD_P2P_BIST, Task name: BIST RTL v0p1, Line : 10 
Skip--Start date or End date is empty in Sheet name: RnD_P2P_BIST, Task name: Compiler Tool v0p1, Line : 11 
Skip--Start date or End date is empty in Sheet name: RnD_P2P_BIST, Task name: RTL Checker Result v0p1, Line : 12 
Skip--Start date or End date is empty in Sheet name: RnD_P2P_BIST, Task name: UVM Verification Environment v0p1, Line : 13 
Skip--Start date or End date is empty in Sheet name: RnD_P2P_BIST, Task name: P2P TCAM behavior model, Line : 14 
Skip--Start date or End date is empty in Sheet name: RnD_P2P_BIST, Task name: PDP TCAM behavior model, Line : 15 
Skip--Start date or End date is empty in Sheet name: RnD_P2P_BIST, Task name: Investigate P2P specification, Line : 74 
Skip--Start date or End date is empty in Sheet name: RnD_P2P_BIST, Task name: Update P2P behavior model, Line : 75 
Skip--Start date or End date is empty in Sheet name: RnD_P2P_BIST, Task name: Update Self-Check Testcase, Line : 76 
Skip--Start date or End date is empty in Sheet name: RnD_P2P_BIST, Task name: Run Simulation, Debug & Update behavior model, Line : 77 
Skip--Start date or End date is empty in Sheet name: RnD_P2P_BIST, Task name: Update BIST monitor, Line : 80 
Skip--Start date or End date is empty in Sheet name: RnD_P2P_BIST, Task name: Update BIST SVA checker, Line : 81 
Skip--Start date or End date is empty in Sheet name: RnD_P2P_BIST, Task name: Update BIST VIP model, Line : 82 
Skip--Start date or End date is empty in Sheet name: RnD_P2P_BIST, Task name: Update Test Sequencer, Line : 83 
Skip--Start date or End date is empty in Sheet name: RnD_P2P_BIST, Task name: Update Testcase, Line : 84 
Skip--Start date or End date is empty in Sheet name: RnD_P2P_BIST, Task name: Run all single testcases, Line : 86 
Skip--Start date or End date is empty in Sheet name: RnD_P2P_BIST, Task name: Run SDF Regression, Line : 87 
Skip--AssignTo is empty in Sheet name: RnD_P2P_BIST, Task name: NaN, Line : 88 
Skip--AssignTo is empty in Sheet name: RnD_P2P_BIST, Task name: Define Update Point, Line : 91 
Skip--AssignTo is empty in Sheet name: RnD_P2P_BIST, Task name: Update ecc_ctrl module, Line : 92 
Skip--AssignTo is empty in Sheet name: RnD_P2P_BIST, Task name: Update ecc_fsm module, Line : 93 
Skip--AssignTo is empty in Sheet name: RnD_P2P_BIST, Task name: Update ecc_par_enc & ecc_dtc_crt module, Line : 94 
Skip--AssignTo is empty in Sheet name: RnD_P2P_BIST, Task name: Update ECC direct testcase, Line : 96 
Skip--AssignTo is empty in Sheet name: RnD_P2P_BIST, Task name: Debug and Update RTL function, Line : 97 
Skip--AssignTo is empty in Sheet name: RnD_P2P_BIST, Task name: Define specification, Line : 99 
Skip--AssignTo is empty in Sheet name: RnD_P2P_BIST, Task name: RTL coding, Line : 100 
Skip--AssignTo is empty in Sheet name: RnD_P2P_BIST, Task name: Writting Testcase, Line : 101 
Skip--AssignTo is empty in Sheet name: RnD_P2P_BIST, Task name: Run simulation, Debug and Update RTL, Line : 102 
Skip--AssignTo is empty in Sheet name: RnD_P2P_BIST, Task name: Run RTL checker, Line : 103 
Skip--Start date or End date is empty in Sheet name: RnD_P2P_BIST, Task name: Design Review v0p1, Line : 104 
Skip--Start date or End date is empty in Sheet name: RnD_P2P_BIST, Task name: lib v0p5, Line : 107 
Skip--Start date or End date is empty in Sheet name: RnD_P2P_BIST, Task name: lef v0p5, Line : 108 
Skip--Start date or End date is empty in Sheet name: RnD_P2P_BIST, Task name: verilog v0p5, Line : 109 
Skip--Start date or End date is empty in Sheet name: RnD_P2P_BIST, Task name: Circuit task 01, Line : 111 
Skip--Start date or End date is empty in Sheet name: RnD_P2P_BIST, Task name: Circuit task 02, Line : 112 
Skip--AssignTo is empty in Sheet name: RnD_P2P_BIST, Task name: Circuit task 03, Line : 113 
Skip--Start date or End date is empty in Sheet name: RnD_P2P_BIST, Task name: Layout 01, Line : 115 
Skip--AssignTo is empty in Sheet name: RnD_P2P_BIST, Task name: Layout 02, Line : 116 
Skip--Start date or End date is empty in Sheet name: RnD_P2P_BIST, Task name: Behavior model 01, Line : 118 
Skip--Start date or End date is empty in Sheet name: RnD_P2P_BIST, Task name: Behavior model 02, Line : 119 
Skip--Start date or End date is empty in Sheet name: RnD_P2P_BIST, Task name: Design Review v0p5, Line : 120 
Skip--Start date or End date is empty in Sheet name: RnD_P2P_BIST, Task name: Lef v1p0, Line : 123 
Skip--Start date or End date is empty in Sheet name: RnD_P2P_BIST, Task name: Lib v1p0, Line : 124 
Skip--Start date or End date is empty in Sheet name: RnD_P2P_BIST, Task name: Gds/Cdl v1p0, Line : 125 
Skip--Start date or End date is empty in Sheet name: RnD_P2P_BIST, Task name: Circuit task 01, Line : 127 
Skip--Start date or End date is empty in Sheet name: RnD_P2P_BIST, Task name: Circuit task 02, Line : 128 
Skip--Start date or End date is empty in Sheet name: RnD_P2P_BIST, Task name: Circuit task 03, Line : 129 
Skip--Start date or End date is empty in Sheet name: RnD_P2P_BIST, Task name: Layout 01, Line : 131 
Skip--AssignTo is empty in Sheet name: RnD_P2P_BIST, Task name: Layout 02, Line : 132 
Skip--Start date or End date is empty in Sheet name: RnD_P2P_BIST, Task name: Behavior model 01, Line : 134 
Skip--Start date or End date is empty in Sheet name: RnD_P2P_BIST, Task name: Behavior model 02, Line : 135 
Skip--Start date or End date is empty in Sheet name: RnD_P2P_BIST, Task name: Design Review v1p0, Line : 136 
Skip--AssignTo is empty in Sheet name: RnD_P2P_BIST, Task name: NaN, Line : 137 
Skip--AssignTo is empty in Sheet name: RnD_P2P_BIST, Task name: NaN, Line : 138 
Skip--AssignTo is empty in Sheet name: RnD_P2P_BIST, Task name: NaN, Line : 139 
Skip--Start date or End date is empty in Sheet name: RnD_P2P_BIST, Task name: AIs, Line : 142 
