Skip--AssignTo is empty in Sheet name: NRE_S023, Task name: NOTE: Each project is scheduled by DM or Project leader. 
The schedule need to plan into delivery milestones.
Each member who has assigned tasks need to update % COMPLETE every week.
Start Date / End Date will  be locked after DM confirmed the schedule and PM committed to Customer.
Any change on End Date, DM and PM need to be discussed. 
Skip--AssignTo is empty in Sheet name: NRE_S023, Task name: 2nd Release package (the date which committed to Customer) 
Skip--AssignTo is empty in Sheet name: NRE_S023, Task name: 3rd Release package (the date which committed to Customer 
Skip--AssignTo is empty in Sheet name: NRE_S023, Task name: io2c_odd 
Skip--AssignTo is empty in Sheet name: NRE_S023, Task name: io2c_even 
Skip--AssignTo is empty in Sheet name: NRE_S023, Task name: io_refcol 
Skip--AssignTo is empty in Sheet name: NRE_S023, Task name: rwrow11a2d 
Skip--AssignTo is empty in Sheet name: NRE_S023, Task name: rwrow11a2d_r 
Skip--AssignTo is empty in Sheet name: NRE_S023, Task name: rwrow_ref_read 
Skip--AssignTo is empty in Sheet name: NRE_S023, Task name: mcell 
Skip--AssignTo is empty in Sheet name: NRE_S023, Task name: refrow_cmp 
Skip--AssignTo is empty in Sheet name: NRE_S023, Task name: refrow_read 
Skip--AssignTo is empty in Sheet name: NRE_S023, Task name: lrdwr 
Skip--AssignTo is empty in Sheet name: NRE_S023, Task name: lcmp 
Skip--AssignTo is empty in Sheet name: NRE_S023, Task name: refcol_ld 
Skip--AssignTo is empty in Sheet name: NRE_S023, Task name: CTL 
Skip--AssignTo is empty in Sheet name: NRE_S023, Task name: cmprow2r_odd 
Skip--AssignTo is empty in Sheet name: NRE_S023, Task name: cmprow2r_even 
Skip--AssignTo is empty in Sheet name: NRE_S023, Task name: cmprow_ref_read 
Skip--AssignTo is empty in Sheet name: NRE_S023, Task name: PRI 
Skip--AssignTo is empty in Sheet name: NRE_S023, Task name: henc10a 
Skip--AssignTo is empty in Sheet name: NRE_S023, Task name: Generate lef for 5 instances 
Skip--AssignTo is empty in Sheet name: NRE_S023, Task name: io_edge 
Skip--AssignTo is empty in Sheet name: NRE_S023, Task name: io_edge_end 
Skip--AssignTo is empty in Sheet name: NRE_S023, Task name: io_edge2m 
Skip--AssignTo is empty in Sheet name: NRE_S023, Task name: ioctl 
Skip--AssignTo is empty in Sheet name: NRE_S023, Task name: rwrowctl 
Skip--AssignTo is empty in Sheet name: NRE_S023, Task name: rwrow_repeater 
Skip--AssignTo is empty in Sheet name: NRE_S023, Task name: rwrow_edge 
Skip--AssignTo is empty in Sheet name: NRE_S023, Task name: lcmpctl 
Skip--AssignTo is empty in Sheet name: NRE_S023, Task name: refrow_cmp_gap 
Skip--AssignTo is empty in Sheet name: NRE_S023, Task name: refrow_read_gap 
Skip--AssignTo is empty in Sheet name: NRE_S023, Task name: refrow_cmp_pd 
Skip--AssignTo is empty in Sheet name: NRE_S023, Task name: refcol_pd 
Skip--AssignTo is empty in Sheet name: NRE_S023, Task name: lcmp_repeater 
Skip--AssignTo is empty in Sheet name: NRE_S023, Task name: mcell_repeater 
Skip--AssignTo is empty in Sheet name: NRE_S023, Task name: mcell_v_edge 
Skip--AssignTo is empty in Sheet name: NRE_S023, Task name: mcell_h_edge 
Skip--AssignTo is empty in Sheet name: NRE_S023, Task name: RWCTL 
Skip--AssignTo is empty in Sheet name: NRE_S023, Task name: CCTL 
Skip--AssignTo is empty in Sheet name: NRE_S023, Task name: PECTL 
Skip--AssignTo is empty in Sheet name: NRE_S023, Task name: cmprow_edge 
Skip--AssignTo is empty in Sheet name: NRE_S023, Task name: cmprow_repeater 
Skip--AssignTo is empty in Sheet name: NRE_S023, Task name: pri32 
Skip--AssignTo is empty in Sheet name: NRE_S023, Task name: prictl 
Skip--AssignTo is empty in Sheet name: NRE_S023, Task name: pri_edge 
Skip--AssignTo is empty in Sheet name: NRE_S023, Task name: romctl 
Skip--AssignTo is empty in Sheet name: NRE_S023, Task name: henc_edge 
Skip--AssignTo is empty in Sheet name: NRE_S023, Task name: Clean top DRC/LVS instance 512x160 
Skip--Allocation is empty in Sheet name: NRE_S023, Task name: Hung to create proposal for compiler regression 
Skip--AssignTo is empty in Sheet name: NRE_S023, Task name: Hung to calculation license 
Skip--AssignTo is empty in Sheet name: NRE_S023, Task name: Plan & milestone for front-end compiler 
